{"logTime": "0918/234607", "correlationVector":"j8PmTYVhg2HayMr++nljpg.0","action":"FeedSettingFetch_homeCloud", "result":"0", "context":{}}
{"logTime": "0918/234607", "correlationVector":"8CXYAwFfIduyjMRX9rEKV5.1","action":"SyncServerConnectionManagerRequest", "result":"SYNC_SERVER_OK", "context":{"environment":"Prod_SouthCentralUS_000i", "migrationStage":"NotStarted", "server":"GENERAL0100000K"}}
{"logTime": "0918/234607", "correlationVector":"8CXYAwFfIduyjMRX9rEKV5","action":"Initial GetUpdates", "result":"", "context":Reason: NEW_CLIENT. cV=8CXYAwFfIduyjMRX9rEKV5}
{"logTime": "0918/234607", "correlationVector":"8CXYAwFfIduyjMRX9rEKV5.2","action":"GetUpdates Response", "result":"SYNCER_OK", "context":Received 1 update(s). cV=8CXYAwFfIduyjMRX9rEKV5.0;server=GENERAL0100000K;cloudType=Consumer;environment=Prod_SouthCentralUS_000i;migrationStage=NotStarted}
{"logTime": "0918/234607", "correlationVector":"JmSLfarpoa38GODJxAINkz","action":"Initial GetUpdates", "result":"", "context":Reason: NEWLY_SUPPORTED_DATATYPE. cV=JmSLfarpoa38GODJxAINkz}
{"logTime": "0918/234607", "correlationVector":"JmSLfarpoa38GODJxAINkz.1","action":"SyncServerConnectionManagerRequest", "result":"SYNC_SERVER_OK", "context":{"environment":"Prod_SouthCentralUS_000i", "migrationStage":"NotStarted", "server":"GENERAL01000007"}}
{"logTime": "0918/234607", "correlationVector":"JmSLfarpoa38GODJxAINkz.2","action":"GetUpdates", "result":"DeleteReceived", "context":{"id":"70ebcfb6-7963-4a5f-a161-c0d2a210e757", "isDeleted:":"true", "version":"1677638065117"}}
{"logTime": "0918/234607", "correlationVector":"JmSLfarpoa38GODJxAINkz.3","action":"GetUpdates", "result":"DeleteReceived", "context":{"id":"32005e17-92ea-449f-b0ab-4d81799f8361", "isDeleted:":"true", "version":"1678831124915"}}
{"logTime": "0918/234607", "correlationVector":"JmSLfarpoa38GODJxAINkz.4","action":"GetUpdates", "result":"DeleteReceived", "context":{"id":"774d3c6e-130f-4312-a80b-6f4279873c0f", "isDeleted:":"true", "version":"1678831125399"}}
{"logTime": "0918/234607", "correlationVector":"JmSLfarpoa38GODJxAINkz.5","action":"GetUpdates", "result":"DeleteReceived", "context":{"id":"64aea13c-ea7e-4d96-bfe6-8cff30839949", "isDeleted:":"true", "version":"1678831125849"}}
{"logTime": "0918/234607", "correlationVector":"JmSLfarpoa38GODJxAINkz.6","action":"GetUpdates", "result":"DeleteReceived", "context":{"id":"b1361516-5b57-4387-a82f-ff81ad155b69", "isDeleted:":"true", "version":"1678831126379"}}
{"logTime": "0918/234607", "correlationVector":"JmSLfarpoa38GODJxAINkz.7","action":"GetUpdates", "result":"DeleteReceived", "context":{"id":"bdc2951b-c51b-4f88-975e-4d65f02844e3", "isDeleted:":"true", "version":"1678831126960"}}
{"logTime": "0918/234607", "correlationVector":"JmSLfarpoa38GODJxAINkz.8","action":"GetUpdates", "result":"DeleteReceived", "context":{"id":"ebe6fa1e-ca56-470d-8b26-14cb7be29867", "isDeleted:":"true", "version":"1678831127511"}}
{"logTime": "0918/234607", "correlationVector":"JmSLfarpoa38GODJxAINkz.9","action":"GetUpdates", "result":"DeleteReceived", "context":{"id":"acc1b368-5fa8-4504-a578-bfc5735b5457", "isDeleted:":"true", "version":"1678831127985"}}
{"logTime": "0918/234607", "correlationVector":"JmSLfarpoa38GODJxAINkz.10","action":"GetUpdates", "result":"DeleteReceived", "context":{"id":"1490e4f9-3c0b-45e7-92ee-6bef24063079", "isDeleted:":"true", "version":"1678831128506"}}
{"logTime": "0918/234607", "correlationVector":"JmSLfarpoa38GODJxAINkz.11","action":"GetUpdates", "result":"DeleteReceived", "context":{"id":"a765a38e-8556-4258-a081-24ac03bf156b", "isDeleted:":"true", "version":"1678831128963"}}
{"logTime": "0918/234607", "correlationVector":"JmSLfarpoa38GODJxAINkz.12","action":"GetUpdates", "result":"DeleteReceived", "context":{"id":"1989afc7-9d56-42ec-b81e-9dcb94408adc", "isDeleted:":"true", "version":"1678831135165"}}
{"logTime": "0918/234607", "correlationVector":"JmSLfarpoa38GODJxAINkz.13","action":"GetUpdates", "result":"DeleteReceived", "context":{"id":"3664ccc7-bcd3-417a-983d-c8f1830cc83e", "isDeleted:":"true", "version":"1678831135623"}}
{"logTime": "0918/234607", "correlationVector":"JmSLfarpoa38GODJxAINkz.14","action":"GetUpdates", "result":"DeleteReceived", "context":{"id":"2109a9ce-ae4b-48ba-981d-1101b01cd9db", "isDeleted:":"true", "version":"1678831136056"}}
{"logTime": "0918/234607", "correlationVector":"JmSLfarpoa38GODJxAINkz.15","action":"GetUpdates", "result":"DeleteReceived", "context":{"id":"5006a542-acc9-46f3-a5c4-bc874fed351e", "isDeleted:":"true", "version":"1678831139815"}}
{"logTime": "0918/234607", "correlationVector":"JmSLfarpoa38GODJxAINkz.16","action":"GetUpdates", "result":"DeleteReceived", "context":{"id":"f5547b01-78c6-476b-9c06-cf71bbb492cd", "isDeleted:":"true", "version":"1678831140257"}}
{"logTime": "0918/234607", "correlationVector":"JmSLfarpoa38GODJxAINkz.17","action":"GetUpdates", "result":"DeleteReceived", "context":{"id":"60c1a26f-493a-476d-a82f-598f827f6bf3", "isDeleted:":"true", "version":"1678831144101"}}
{"logTime": "0918/234607", "correlationVector":"JmSLfarpoa38GODJxAINkz.18","action":"GetUpdates", "result":"DeleteReceived", "context":{"id":"82497d33-afd4-45b2-a7c3-baf5e4ec8a02", "isDeleted:":"true", "version":"1678831144597"}}
{"logTime": "0918/234607", "correlationVector":"JmSLfarpoa38GODJxAINkz.19","action":"GetUpdates", "result":"DeleteReceived", "context":{"id":"4d356fbc-6e97-4a16-bc5c-b6c60dbdc70f", "isDeleted:":"true", "version":"1678831145063"}}
{"logTime": "0918/234607", "correlationVector":"JmSLfarpoa38GODJxAINkz.20","action":"GetUpdates", "result":"DeleteReceived", "context":{"id":"997ed079-4269-4ce6-9277-f181922d32b3", "isDeleted:":"true", "version":"1678831145573"}}
{"logTime": "0918/234607", "correlationVector":"JmSLfarpoa38GODJxAINkz.21","action":"GetUpdates", "result":"DeleteReceived", "context":{"id":"f1d98cfb-ee81-452c-bbef-152ef04e388b", "isDeleted:":"true", "version":"1678831146036"}}
{"logTime": "0918/234607", "correlationVector":"JmSLfarpoa38GODJxAINkz.22","action":"GetUpdates", "result":"DeleteReceived", "context":{"id":"f8b77cae-9dc0-43d9-ba76-9e0f046192a6", "isDeleted:":"true", "version":"1678831152209"}}
{"logTime": "0918/234607", "correlationVector":"JmSLfarpoa38GODJxAINkz.23","action":"GetUpdates", "result":"DeleteReceived", "context":{"id":"58265017-2a13-40b9-a8d4-5064cfc1929b", "isDeleted:":"true", "version":"1681279416937"}}
{"logTime": "0918/234607", "correlationVector":"JmSLfarpoa38GODJxAINkz.24","action":"GetUpdates", "result":"DeleteReceived", "context":{"id":"d279f5cd-e4bd-432f-96c0-acaa93e70a17", "isDeleted:":"true", "version":"1681279417438"}}
{"logTime": "0918/234607", "correlationVector":"JmSLfarpoa38GODJxAINkz.25","action":"GetUpdates", "result":"DeleteReceived", "context":{"id":"80f2bb0c-2c70-4f07-a741-e4acbb445099", "isDeleted:":"true", "version":"1681279418386"}}
{"logTime": "0918/234607", "correlationVector":"JmSLfarpoa38GODJxAINkz.26","action":"GetUpdates", "result":"DeleteReceived", "context":{"id":"23be5da6-70a2-4425-9dcf-06c6fd0a20fa", "isDeleted:":"true", "version":"1681279418886"}}
{"logTime": "0918/234607", "correlationVector":"JmSLfarpoa38GODJxAINkz.27","action":"GetUpdates", "result":"DeleteReceived", "context":{"id":"8210d2b3-e359-4b60-be28-d1d620122348", "isDeleted:":"true", "version":"1681279419362"}}
{"logTime": "0918/234607", "correlationVector":"JmSLfarpoa38GODJxAINkz.28","action":"GetUpdates", "result":"DeleteReceived", "context":{"id":"ff02cc14-a3b6-4ddf-9a4f-407f842b95f1", "isDeleted:":"true", "version":"1681279419821"}}
{"logTime": "0918/234607", "correlationVector":"JmSLfarpoa38GODJxAINkz.29","action":"GetUpdates", "result":"DeleteReceived", "context":{"id":"aeb4d14b-ae06-4d84-81e9-f2b0ef65108f", "isDeleted:":"true", "version":"1681279422781"}}
{"logTime": "0918/234607", "correlationVector":"JmSLfarpoa38GODJxAINkz.30","action":"GetUpdates", "result":"DeleteReceived", "context":{"id":"e23a97b1-1351-414d-9a14-bec93dbac940", "isDeleted:":"true", "version":"1682135563555"}}
{"logTime": "0918/234607", "correlationVector":"JmSLfarpoa38GODJxAINkz.31","action":"GetUpdates", "result":"DeleteReceived", "context":{"id":"97130a86-fa5e-4171-b644-f69832c56dc8", "isDeleted:":"true", "version":"1682135565274"}}
{"logTime": "0918/234607", "correlationVector":"JmSLfarpoa38GODJxAINkz.32","action":"GetUpdates", "result":"DeleteReceived", "context":{"id":"692bbce3-f77d-4d16-9f48-eec862010104", "isDeleted:":"true", "version":"1682996409249"}}
{"logTime": "0918/234607", "correlationVector":"JmSLfarpoa38GODJxAINkz.33","action":"GetUpdates", "result":"DeleteReceived", "context":{"id":"aaf98936-abef-48a2-bf46-9bc8b4e3d57f", "isDeleted:":"true", "version":"1682996409744"}}
{"logTime": "0918/234607", "correlationVector":"JmSLfarpoa38GODJxAINkz.34","action":"GetUpdates", "result":"DeleteReceived", "context":{"id":"64f852a8-d838-471b-8977-2c0d5cba1708", "isDeleted:":"true", "version":"1682996410843"}}
{"logTime": "0918/234607", "correlationVector":"JmSLfarpoa38GODJxAINkz.35","action":"GetUpdates", "result":"DeleteReceived", "context":{"id":"638fbe65-4603-479f-8863-3c9acc6f9e47", "isDeleted:":"true", "version":"1682996411360"}}
{"logTime": "0918/234607", "correlationVector":"JmSLfarpoa38GODJxAINkz.36","action":"GetUpdates", "result":"DeleteReceived", "context":{"id":"81c172ce-343b-4881-af24-7086c8189348", "isDeleted:":"true", "version":"1682996411843"}}
{"logTime": "0918/234607", "correlationVector":"JmSLfarpoa38GODJxAINkz.37","action":"GetUpdates", "result":"DeleteReceived", "context":{"id":"602cb706-20ab-4c3b-9db4-11721addcf93", "isDeleted:":"true", "version":"1682996412304"}}
{"logTime": "0918/234607", "correlationVector":"JmSLfarpoa38GODJxAINkz.38","action":"GetUpdates", "result":"DeleteReceived", "context":{"id":"239f809d-ecb0-407a-bceb-e1baffc5a2d0", "isDeleted:":"true", "version":"1682996412802"}}
{"logTime": "0918/234607", "correlationVector":"JmSLfarpoa38GODJxAINkz.39","action":"GetUpdates", "result":"DeleteReceived", "context":{"id":"8eb79e8c-a48b-4d1e-89cc-e2f61e11086c", "isDeleted:":"true", "version":"1682996413741"}}
{"logTime": "0918/234607", "correlationVector":"JmSLfarpoa38GODJxAINkz.40","action":"GetUpdates", "result":"DeleteReceived", "context":{"id":"5decb3cb-7c85-4438-859e-3e2b13a754ab", "isDeleted:":"true", "version":"1682996414212"}}
{"logTime": "0918/234607", "correlationVector":"JmSLfarpoa38GODJxAINkz.41","action":"GetUpdates", "result":"DeleteReceived", "context":{"id":"9f4d20c1-677a-4c34-83d0-c3d472a801ab", "isDeleted:":"true", "version":"1682996414697"}}
{"logTime": "0918/234607", "correlationVector":"JmSLfarpoa38GODJxAINkz.42","action":"GetUpdates", "result":"DeleteReceived", "context":{"id":"29301857-dbd2-400c-9418-54e197177c1f", "isDeleted:":"true", "version":"1682996415219"}}
{"logTime": "0918/234607", "correlationVector":"JmSLfarpoa38GODJxAINkz.43","action":"GetUpdates", "result":"DeleteReceived", "context":{"id":"fa16d85e-f941-4037-bfe4-6c9bca999a43", "isDeleted:":"true", "version":"1682996416073"}}
{"logTime": "0918/234607", "correlationVector":"JmSLfarpoa38GODJxAINkz.44","action":"GetUpdates", "result":"DeleteReceived", "context":{"id":"dd589b45-8028-4a4b-808e-de667012d6bf", "isDeleted:":"true", "version":"1682996416577"}}
{"logTime": "0918/234607", "correlationVector":"JmSLfarpoa38GODJxAINkz.45","action":"GetUpdates", "result":"DeleteReceived", "context":{"id":"1dca81b6-221b-4ffd-a0f5-831c0fc17efa", "isDeleted:":"true", "version":"1682996418159"}}
{"logTime": "0918/234607", "correlationVector":"JmSLfarpoa38GODJxAINkz.46","action":"GetUpdates", "result":"DeleteReceived", "context":{"id":"41a204a6-7eab-48f5-b422-b49acf648242", "isDeleted:":"true", "version":"1682996421619"}}
{"logTime": "0918/234607", "correlationVector":"JmSLfarpoa38GODJxAINkz.47","action":"GetUpdates", "result":"DeleteReceived", "context":{"id":"95da55dd-34ad-4e00-91e3-e6cbc22f08b1", "isDeleted:":"true", "version":"1683748281196"}}
{"logTime": "0918/234607", "correlationVector":"JmSLfarpoa38GODJxAINkz.48","action":"GetUpdates", "result":"DeleteReceived", "context":{"id":"32779161-64fd-4889-a23b-7841ef219b22", "isDeleted:":"true", "version":"1683748283481"}}
{"logTime": "0918/234607", "correlationVector":"JmSLfarpoa38GODJxAINkz.49","action":"GetUpdates", "result":"DeleteReceived", "context":{"id":"abc37825-192b-4513-ac1c-25fee7673f14", "isDeleted:":"true", "version":"1684445180005"}}
{"logTime": "0918/234607", "correlationVector":"JmSLfarpoa38GODJxAINkz.50","action":"GetUpdates Response", "result":"SERVER_MORE_TO_DOWNLOAD", "context":Received 250 update(s).  Some updates remain.}
{"logTime": "0918/234607", "correlationVector":"KlG8MdSldxdpIhmHthEPCk","action":"Initial GetUpdates", "result":"", "context":Reason: NEWLY_SUPPORTED_DATATYPE. cV=KlG8MdSldxdpIhmHthEPCk}
{"logTime": "0918/234607", "correlationVector":"KlG8MdSldxdpIhmHthEPCk.1","action":"SyncServerConnectionManagerRequest", "result":"SYNC_SERVER_OK", "context":{"environment":"Prod_SouthCentralUS_000i", "migrationStage":"NotStarted", "server":"GENERAL0100001H"}}
{"logTime": "0918/234607", "correlationVector":"KlG8MdSldxdpIhmHthEPCk.2","action":"GetUpdates", "result":"DeleteReceived", "context":{"id":"88db4ea4-57c7-44ea-a894-a4a65ee67d4b", "isDeleted:":"true", "version":"1686192384899"}}
{"logTime": "0918/234607", "correlationVector":"KlG8MdSldxdpIhmHthEPCk.3","action":"GetUpdates", "result":"DeleteReceived", "context":{"id":"4541e168-7526-4158-8991-adb210d6a18a", "isDeleted:":"true", "version":"1687159903325"}}
{"logTime": "0918/234607", "correlationVector":"KlG8MdSldxdpIhmHthEPCk.4","action":"GetUpdates", "result":"DeleteReceived", "context":{"id":"54196eb5-81e3-431f-92cb-baaf9478964c", "isDeleted:":"true", "version":"1687159903796"}}
{"logTime": "0918/234607", "correlationVector":"KlG8MdSldxdpIhmHthEPCk.5","action":"GetUpdates", "result":"DeleteReceived", "context":{"id":"58d32aca-9927-49b5-9975-333d6da01d91", "isDeleted:":"true", "version":"1687159906071"}}
{"logTime": "0918/234607", "correlationVector":"KlG8MdSldxdpIhmHthEPCk.6","action":"GetUpdates", "result":"DeleteReceived", "context":{"id":"21aa5b92-a226-43ea-b707-93761dc9c23d", "isDeleted:":"true", "version":"1687159906533"}}
{"logTime": "0918/234607", "correlationVector":"KlG8MdSldxdpIhmHthEPCk.7","action":"GetUpdates", "result":"DeleteReceived", "context":{"id":"35051681-cfd4-4f6b-959f-3cdf7e5e828e", "isDeleted:":"true", "version":"1687159907020"}}
{"logTime": "0918/234607", "correlationVector":"KlG8MdSldxdpIhmHthEPCk.8","action":"GetUpdates", "result":"DeleteReceived", "context":{"id":"d885275a-58d9-4902-8f1b-516ef0e96a3f", "isDeleted:":"true", "version":"1687159907489"}}
{"logTime": "0918/234607", "correlationVector":"KlG8MdSldxdpIhmHthEPCk.9","action":"GetUpdates", "result":"DeleteReceived", "context":{"id":"4affc1c7-bd97-41ef-a748-fe9c64ba9610", "isDeleted:":"true", "version":"1687159909282"}}
{"logTime": "0918/234607", "correlationVector":"KlG8MdSldxdpIhmHthEPCk.10","action":"GetUpdates", "result":"DeleteReceived", "context":{"id":"867b621d-574e-4706-8e01-89d3ebe99da6", "isDeleted:":"true", "version":"1687160407696"}}
{"logTime": "0918/234607", "correlationVector":"KlG8MdSldxdpIhmHthEPCk.11","action":"GetUpdates", "result":"DeleteReceived", "context":{"id":"f655442a-82a6-40ff-a482-65ea2e25f285", "isDeleted:":"true", "version":"1687160428109"}}
{"logTime": "0918/234607", "correlationVector":"KlG8MdSldxdpIhmHthEPCk.12","action":"GetUpdates", "result":"DeleteReceived", "context":{"id":"c216b748-abb8-4c54-bc7b-978af1f32ad5", "isDeleted:":"true", "version":"1687160429247"}}
{"logTime": "0918/234607", "correlationVector":"KlG8MdSldxdpIhmHthEPCk.13","action":"GetUpdates", "result":"DeleteReceived", "context":{"id":"7d6e9bd7-47e4-4846-b497-b7a80159f059", "isDeleted:":"true", "version":"1687160432522"}}
{"logTime": "0918/234607", "correlationVector":"KlG8MdSldxdpIhmHthEPCk.14","action":"GetUpdates", "result":"DeleteReceived", "context":{"id":"245ff666-f176-4bc0-b8df-0a43914c0027", "isDeleted:":"true", "version":"1687160433859"}}
{"logTime": "0918/234607", "correlationVector":"KlG8MdSldxdpIhmHthEPCk.15","action":"GetUpdates", "result":"DeleteReceived", "context":{"id":"4b9f452d-0b90-44d9-bb6e-bf164c2d1857", "isDeleted:":"true", "version":"1687160434847"}}
{"logTime": "0918/234607", "correlationVector":"KlG8MdSldxdpIhmHthEPCk.16","action":"GetUpdates", "result":"DeleteReceived", "context":{"id":"43b5ffef-f518-44a8-98d2-cfd6961c7d0e", "isDeleted:":"true", "version":"1687160435306"}}
{"logTime": "0918/234607", "correlationVector":"KlG8MdSldxdpIhmHthEPCk.17","action":"GetUpdates", "result":"DeleteReceived", "context":{"id":"d92f60a2-d55b-461c-a6c4-0fb9b9ae8a87", "isDeleted:":"true", "version":"1687160436269"}}
{"logTime": "0918/234607", "correlationVector":"KlG8MdSldxdpIhmHthEPCk.18","action":"GetUpdates", "result":"DeleteReceived", "context":{"id":"e231fa9d-cad6-4c5e-a8cc-7b329172e333", "isDeleted:":"true", "version":"1687160437497"}}
{"logTime": "0918/234607", "correlationVector":"KlG8MdSldxdpIhmHthEPCk.19","action":"GetUpdates", "result":"DeleteReceived", "context":{"id":"edd8a8e6-14e1-4814-bc6c-5671cd9d66b5", "isDeleted:":"true", "version":"1687160439180"}}
{"logTime": "0918/234607", "correlationVector":"KlG8MdSldxdpIhmHthEPCk.20","action":"GetUpdates", "result":"DeleteReceived", "context":{"id":"351c0c7e-6879-4f0d-83a8-ddebef79777c", "isDeleted:":"true", "version":"1687160441507"}}
{"logTime": "0918/234607", "correlationVector":"KlG8MdSldxdpIhmHthEPCk.21","action":"GetUpdates", "result":"DeleteReceived", "context":{"id":"6f16e545-ccc3-4144-91d3-11d26ebe803f", "isDeleted:":"true", "version":"1687160443453"}}
{"logTime": "0918/234607", "correlationVector":"KlG8MdSldxdpIhmHthEPCk.22","action":"GetUpdates", "result":"DeleteReceived", "context":{"id":"23dde64c-59de-4067-80f5-7849ddf5135d", "isDeleted:":"true", "version":"1687160445746"}}
{"logTime": "0918/234607", "correlationVector":"KlG8MdSldxdpIhmHthEPCk.23","action":"GetUpdates", "result":"DeleteReceived", "context":{"id":"f73c6c55-505c-4e68-b125-76a832ea65a9", "isDeleted:":"true", "version":"1687160447085"}}
{"logTime": "0918/234607", "correlationVector":"KlG8MdSldxdpIhmHthEPCk.24","action":"GetUpdates", "result":"DeleteReceived", "context":{"id":"be5d1dc3-6db6-4eb7-952e-fed0b0327b79", "isDeleted:":"true", "version":"1687160448164"}}
{"logTime": "0918/234607", "correlationVector":"KlG8MdSldxdpIhmHthEPCk.25","action":"GetUpdates", "result":"DeleteReceived", "context":{"id":"0197139b-2ff0-4a6d-8337-a2127e2963f8", "isDeleted:":"true", "version":"1687160449113"}}
{"logTime": "0918/234607", "correlationVector":"KlG8MdSldxdpIhmHthEPCk.26","action":"GetUpdates", "result":"DeleteReceived", "context":{"id":"f6846e48-6508-4d08-bc64-d6fdbe2a7ada", "isDeleted:":"true", "version":"1687160449114"}}
{"logTime": "0918/234607", "correlationVector":"KlG8MdSldxdpIhmHthEPCk.27","action":"GetUpdates", "result":"DeleteReceived", "context":{"id":"222f2728-acb0-459e-84e8-78ec57df61c0", "isDeleted:":"true", "version":"1687160450060"}}
{"logTime": "0918/234607", "correlationVector":"KlG8MdSldxdpIhmHthEPCk.28","action":"GetUpdates", "result":"DeleteReceived", "context":{"id":"feb53c9e-1338-4f04-9606-b00536f1d38e", "isDeleted:":"true", "version":"1687160526493"}}
{"logTime": "0918/234607", "correlationVector":"KlG8MdSldxdpIhmHthEPCk.29","action":"GetUpdates", "result":"DeleteReceived", "context":{"id":"60b01031-2587-4e75-80c9-bfa0f453e2e6", "isDeleted:":"true", "version":"1687230583256"}}
{"logTime": "0918/234607", "correlationVector":"KlG8MdSldxdpIhmHthEPCk.30","action":"GetUpdates", "result":"DeleteReceived", "context":{"id":"50746f4c-4259-4e8d-bb9b-0d54a9cb853b", "isDeleted:":"true", "version":"1687230583706"}}
{"logTime": "0918/234607", "correlationVector":"KlG8MdSldxdpIhmHthEPCk.31","action":"GetUpdates", "result":"DeleteReceived", "context":{"id":"cdd159b6-640b-4ab8-9dbb-f82483df7cd4", "isDeleted:":"true", "version":"1687230585379"}}
{"logTime": "0918/234607", "correlationVector":"KlG8MdSldxdpIhmHthEPCk.32","action":"GetUpdates", "result":"DeleteReceived", "context":{"id":"b6fb9a4d-0585-4865-9580-3312c826feeb", "isDeleted:":"true", "version":"1687230586049"}}
{"logTime": "0918/234607", "correlationVector":"KlG8MdSldxdpIhmHthEPCk.33","action":"GetUpdates", "result":"DeleteReceived", "context":{"id":"221fc961-5bdd-4117-8f3b-f1ff39b193b3", "isDeleted:":"true", "version":"1687230586499"}}
{"logTime": "0918/234607", "correlationVector":"KlG8MdSldxdpIhmHthEPCk.34","action":"GetUpdates", "result":"DeleteReceived", "context":{"id":"46953be9-24c2-4a73-9015-74e0d6cdfe0d", "isDeleted:":"true", "version":"1687230586961"}}
{"logTime": "0918/234607", "correlationVector":"KlG8MdSldxdpIhmHthEPCk.35","action":"GetUpdates Response", "result":"SERVER_MORE_TO_DOWNLOAD", "context":Received 250 update(s).  Some updates remain.}
{"logTime": "0918/234607", "correlationVector":"wPQYtLAnrHXoxKN5A+ySXf","action":"Initial GetUpdates", "result":"", "context":Reason: NEWLY_SUPPORTED_DATATYPE. cV=wPQYtLAnrHXoxKN5A+ySXf}
{"logTime": "0918/234607", "correlationVector":"wPQYtLAnrHXoxKN5A+ySXf.1","action":"SyncServerConnectionManagerRequest", "result":"SYNC_SERVER_OK", "context":{"environment":"Prod_SouthCentralUS_000i", "migrationStage":"NotStarted", "server":"GENERAL0100000Z"}}
{"logTime": "0918/234607", "correlationVector":"wPQYtLAnrHXoxKN5A+ySXf.2","action":"GetUpdates", "result":"DeleteReceived", "context":{"id":"e64414df-2357-4247-81f5-41669d58e9e9", "isDeleted:":"true", "version":"1687230587426"}}
{"logTime": "0918/234607", "correlationVector":"wPQYtLAnrHXoxKN5A+ySXf.3","action":"GetUpdates", "result":"DeleteReceived", "context":{"id":"bba990e1-1264-44f1-99d1-ab12d8020ab7", "isDeleted:":"true", "version":"1687230590814"}}
{"logTime": "0918/234607", "correlationVector":"wPQYtLAnrHXoxKN5A+ySXf.4","action":"GetUpdates", "result":"DeleteReceived", "context":{"id":"d2fb2fdc-9eec-404d-9423-d1f845249531", "isDeleted:":"true", "version":"1687230591295"}}
{"logTime": "0918/234607", "correlationVector":"wPQYtLAnrHXoxKN5A+ySXf.5","action":"GetUpdates", "result":"DeleteReceived", "context":{"id":"ffdc763b-e5d9-4cb8-abaa-ccdca3b0a0c6", "isDeleted:":"true", "version":"1687230591753"}}
{"logTime": "0918/234607", "correlationVector":"wPQYtLAnrHXoxKN5A+ySXf.6","action":"GetUpdates", "result":"DeleteReceived", "context":{"id":"6bceabc1-2f8b-488e-a238-f3ce284d4e1f", "isDeleted:":"true", "version":"1687230592189"}}
{"logTime": "0918/234607", "correlationVector":"wPQYtLAnrHXoxKN5A+ySXf.7","action":"GetUpdates", "result":"DeleteReceived", "context":{"id":"4b162868-55d2-4ebc-8c64-fc1f5f114876", "isDeleted:":"true", "version":"1687230592630"}}
{"logTime": "0918/234607", "correlationVector":"wPQYtLAnrHXoxKN5A+ySXf.8","action":"GetUpdates", "result":"DeleteReceived", "context":{"id":"bfae7126-b65e-435d-9670-ed3cd466118b", "isDeleted:":"true", "version":"1687230594145"}}
{"logTime": "0918/234607", "correlationVector":"wPQYtLAnrHXoxKN5A+ySXf.9","action":"GetUpdates", "result":"DeleteReceived", "context":{"id":"ed2f2a3e-0c4a-484d-8505-acc16af03aa0", "isDeleted:":"true", "version":"1687230594581"}}
{"logTime": "0918/234607", "correlationVector":"wPQYtLAnrHXoxKN5A+ySXf.10","action":"GetUpdates", "result":"DeleteReceived", "context":{"id":"6910ccdf-1c5f-419f-a701-0f38e2ee4bc3", "isDeleted:":"true", "version":"1692844950022"}}
{"logTime": "0918/234607", "correlationVector":"wPQYtLAnrHXoxKN5A+ySXf.11","action":"GetUpdates", "result":"DeleteReceived", "context":{"id":"31255b19-6f26-4b35-ac3f-772e9b41c786", "isDeleted:":"true", "version":"1692844950455"}}
{"logTime": "0918/234607", "correlationVector":"wPQYtLAnrHXoxKN5A+ySXf.12","action":"GetUpdates", "result":"DeleteReceived", "context":{"id":"63e9a756-e7e7-4055-a182-6b6a5ae8a31c", "isDeleted:":"true", "version":"1692844951398"}}
{"logTime": "0918/234607", "correlationVector":"wPQYtLAnrHXoxKN5A+ySXf.13","action":"GetUpdates", "result":"DeleteReceived", "context":{"id":"983c28d9-fec4-4350-a922-b24a87fbf06b", "isDeleted:":"true", "version":"1692908120542"}}
{"logTime": "0918/234607", "correlationVector":"wPQYtLAnrHXoxKN5A+ySXf.14","action":"GetUpdates", "result":"DeleteReceived", "context":{"id":"9d3c79d7-501d-4bb6-b711-1ca8602bb524", "isDeleted:":"true", "version":"1694907198578"}}
{"logTime": "0918/234607", "correlationVector":"wPQYtLAnrHXoxKN5A+ySXf.15","action":"GetUpdates Response", "result":"SYNCER_OK", "context":Received 103 update(s). cV=wPQYtLAnrHXoxKN5A+ySXf.0;server=GENERAL0100000Z;cloudType=Consumer;environment=Prod_SouthCentralUS_000i;migrationStage=NotStarted}
{"logTime": "0918/234607", "correlationVector":"BVzq2LgZGPJ+daQyL5lQ0j","action":"SyncServerConnectionManagerRequest", "result":"SYNC_SERVER_OK", "context":{"environment":"", "migrationStage":"", "server":""}}
{"logTime": "0918/234607", "correlationVector":"pHw6yJLPCAY5qPEuxZBbu0","action":"Normal GetUpdate request", "result":"", "context":cV=pHw6yJLPCAY5qPEuxZBbu0
Nudged types: Sessions, User Consents
Refresh requested types: Bookmarks, Preferences, Passwords, Autofill Profiles, Autofill, Autofill Custom Data, Typed URLs, Extensions, Sessions, Extension settings, History Delete Directives, Device Info, User Consents, Send Tab To Self, Web Apps, Collection, Edge E Drop, Edge Hub App Usage, Encryption Keys}
{"logTime": "0918/234607", "correlationVector":"pHw6yJLPCAY5qPEuxZBbu0.1","action":"SyncServerConnectionManagerRequest", "result":"SYNC_SERVER_OK", "context":{"environment":"Prod_SouthCentralUS_000i", "migrationStage":"NotStarted", "server":"GENERAL0100000F"}}
{"logTime": "0918/234607", "correlationVector":"pHw6yJLPCAY5qPEuxZBbu0.2","action":"GetUpdates Response", "result":"SYNCER_OK", "context":Received 5 update(s). cV=pHw6yJLPCAY5qPEuxZBbu0.0;server=GENERAL0100000F;cloudType=Consumer;environment=Prod_SouthCentralUS_000i;migrationStage=NotStarted}
{"logTime": "0918/234607", "correlationVector":"bT7BMmpTzeeixP3DLffurw","action":"Commit Request", "result":"", "context":Item count: 4
Contributing types: Sessions, User Consents}
{"logTime": "0918/234607", "correlationVector":"bT7BMmpTzeeixP3DLffurw.1","action":"SyncServerConnectionManagerRequest", "result":"SYNC_SERVER_OK", "context":{"environment":"Prod_SouthCentralUS_000i", "migrationStage":"NotStarted", "server":"GENERAL01000011"}}
{"logTime": "0918/234607", "correlationVector":"bT7BMmpTzeeixP3DLffurw.2","action":"Commit Response", "result":"SYNCER_OK", "context":Result: SYNCER_OK. cV=bT7BMmpTzeeixP3DLffurw.0;server=GENERAL01000011;cloudType=Consumer;environment=Prod_SouthCentralUS_000i;migrationStage=NotStarted}
{"logTime": "0918/234607", "correlationVector":"bT7BMmpTzeeixP3DLffurw.3","action":"Commit.Sessions", "result":"Success", "context":{"id":"e75c8f6a-967c-4881-839e-fde82ccc1d35", "isDeleted":"true", "size":"0", "version":"1695080549019"}}
{"logTime": "0918/234607", "correlationVector":"gYP5wKvRs8/XILExcW+zrX","action":"Normal GetUpdate request", "result":"", "context":cV=gYP5wKvRs8/XILExcW+zrX
Nudged types: Sessions
Refresh requested types: Bookmarks, Preferences, Passwords, Autofill Profiles, Autofill, Autofill Custom Data, Typed URLs, Extensions, Sessions, Extension settings, History Delete Directives, Device Info, User Consents, Send Tab To Self, Web Apps, Collection, Edge E Drop, Edge Hub App Usage, Encryption Keys}
{"logTime": "0918/234607", "correlationVector":"gYP5wKvRs8/XILExcW+zrX.1","action":"SyncServerConnectionManagerRequest", "result":"SYNC_SERVER_OK", "context":{"environment":"Prod_SouthCentralUS_000i", "migrationStage":"NotStarted", "server":"GENERAL0100000D"}}
{"logTime": "0918/234607", "correlationVector":"gYP5wKvRs8/XILExcW+zrX.2","action":"GetUpdates", "result":"DeleteReceived", "context":{"id":"e75c8f6a-967c-4881-839e-fde82ccc1d35", "isDeleted:":"true", "version":"1695080757240"}}
{"logTime": "0918/234607", "correlationVector":"gYP5wKvRs8/XILExcW+zrX.3","action":"GetUpdates Response", "result":"SYNCER_OK", "context":Received 3 update(s). cV=gYP5wKvRs8/XILExcW+zrX.0;server=GENERAL0100000D;cloudType=Consumer;environment=Prod_SouthCentralUS_000i;migrationStage=NotStarted}
{"logTime": "0918/234634", "correlationVector":"cMXBX0qRXa6ojhcqzWslHI","action":"Normal GetUpdate request", "result":"", "context":cV=cMXBX0qRXa6ojhcqzWslHI
Nudged types: Sessions}
{"logTime": "0918/234634", "correlationVector":"cMXBX0qRXa6ojhcqzWslHI.1","action":"SyncServerConnectionManagerRequest", "result":"SYNC_SERVER_OK", "context":{"environment":"Prod_SouthCentralUS_000i", "migrationStage":"NotStarted", "server":"GENERAL0100000K"}}
{"logTime": "0918/234634", "correlationVector":"cMXBX0qRXa6ojhcqzWslHI.2","action":"GetUpdates Response", "result":"SYNCER_OK", "context":Received 0 update(s). cV=cMXBX0qRXa6ojhcqzWslHI.0;server=GENERAL0100000K;cloudType=Consumer;environment=Prod_SouthCentralUS_000i;migrationStage=NotStarted}
{"logTime": "0918/234634", "correlationVector":"Vk6StJb+FmYHmds5uJ5o7Z","action":"Commit Request", "result":"", "context":Item count: 1
Contributing types: Sessions}
{"logTime": "0918/234634", "correlationVector":"Vk6StJb+FmYHmds5uJ5o7Z.1","action":"SyncServerConnectionManagerRequest", "result":"SYNC_SERVER_OK", "context":{"environment":"Prod_SouthCentralUS_000i", "migrationStage":"NotStarted", "server":"GENERAL0100000X"}}
{"logTime": "0918/234634", "correlationVector":"Vk6StJb+FmYHmds5uJ5o7Z.2","action":"Commit Response", "result":"SYNCER_OK", "context":Result: SYNCER_OK. cV=Vk6StJb+FmYHmds5uJ5o7Z.0;server=GENERAL0100000X;cloudType=Consumer;environment=Prod_SouthCentralUS_000i;migrationStage=NotStarted}
{"logTime": "0918/234900", "correlationVector":"MSLGQN9lIC7SEpM4y3XO+g.0","action":"FeedSettingFetch_homeCloud", "result":"0", "context":{}}
{"logTime": "0918/234900", "correlationVector":"ZthvkggrYbzZsed5cOWl9U.1","action":"SyncServerConnectionManagerRequest", "result":"SYNC_SERVER_OK", "context":{"environment":"Prod_SouthCentralUS_000i", "migrationStage":"NotStarted", "server":"GENERAL0100000I"}}
{"logTime": "0918/234900", "correlationVector":"ZthvkggrYbzZsed5cOWl9U","action":"Initial GetUpdates", "result":"", "context":Reason: NEW_CLIENT. cV=ZthvkggrYbzZsed5cOWl9U}
{"logTime": "0918/234900", "correlationVector":"ZthvkggrYbzZsed5cOWl9U.2","action":"GetUpdates Response", "result":"SYNCER_OK", "context":Received 1 update(s). cV=ZthvkggrYbzZsed5cOWl9U.0;server=GENERAL0100000I;cloudType=Consumer;environment=Prod_SouthCentralUS_000i;migrationStage=NotStarted}
{"logTime": "0918/234900", "correlationVector":"mmCQTE5QEjveCo5LdnDaqg","action":"SyncServerConnectionManagerRequest", "result":"SYNC_SERVER_OK", "context":{"environment":"", "migrationStage":"", "server":""}}
{"logTime": "0918/234900", "correlationVector":"Eyy3Uoe/j6X4qwRUETWUcf","action":"Initial GetUpdates", "result":"", "context":Reason: NEWLY_SUPPORTED_DATATYPE. cV=Eyy3Uoe/j6X4qwRUETWUcf}
{"logTime": "0918/234900", "correlationVector":"Eyy3Uoe/j6X4qwRUETWUcf.1","action":"SyncServerConnectionManagerRequest", "result":"SYNC_SERVER_OK", "context":{"environment":"Prod_SouthCentralUS_000i", "migrationStage":"NotStarted", "server":"GENERAL0100000S"}}
{"logTime": "0918/234900", "correlationVector":"Eyy3Uoe/j6X4qwRUETWUcf.2","action":"GetUpdates", "result":"DeleteReceived", "context":{"id":"70ebcfb6-7963-4a5f-a161-c0d2a210e757", "isDeleted:":"true", "version":"1677638065117"}}
{"logTime": "0918/234900", "correlationVector":"Eyy3Uoe/j6X4qwRUETWUcf.3","action":"GetUpdates", "result":"DeleteReceived", "context":{"id":"32005e17-92ea-449f-b0ab-4d81799f8361", "isDeleted:":"true", "version":"1678831124915"}}
{"logTime": "0918/234900", "correlationVector":"Eyy3Uoe/j6X4qwRUETWUcf.4","action":"GetUpdates", "result":"DeleteReceived", "context":{"id":"774d3c6e-130f-4312-a80b-6f4279873c0f", "isDeleted:":"true", "version":"1678831125399"}}
{"logTime": "0918/234900", "correlationVector":"Eyy3Uoe/j6X4qwRUETWUcf.5","action":"GetUpdates", "result":"DeleteReceived", "context":{"id":"64aea13c-ea7e-4d96-bfe6-8cff30839949", "isDeleted:":"true", "version":"1678831125849"}}
{"logTime": "0918/234900", "correlationVector":"Eyy3Uoe/j6X4qwRUETWUcf.6","action":"GetUpdates", "result":"DeleteReceived", "context":{"id":"b1361516-5b57-4387-a82f-ff81ad155b69", "isDeleted:":"true", "version":"1678831126379"}}
{"logTime": "0918/234900", "correlationVector":"Eyy3Uoe/j6X4qwRUETWUcf.7","action":"GetUpdates", "result":"DeleteReceived", "context":{"id":"bdc2951b-c51b-4f88-975e-4d65f02844e3", "isDeleted:":"true", "version":"1678831126960"}}
{"logTime": "0918/234900", "correlationVector":"Eyy3Uoe/j6X4qwRUETWUcf.8","action":"GetUpdates", "result":"DeleteReceived", "context":{"id":"ebe6fa1e-ca56-470d-8b26-14cb7be29867", "isDeleted:":"true", "version":"1678831127511"}}
{"logTime": "0918/234900", "correlationVector":"Eyy3Uoe/j6X4qwRUETWUcf.9","action":"GetUpdates", "result":"DeleteReceived", "context":{"id":"acc1b368-5fa8-4504-a578-bfc5735b5457", "isDeleted:":"true", "version":"1678831127985"}}
{"logTime": "0918/234900", "correlationVector":"Eyy3Uoe/j6X4qwRUETWUcf.10","action":"GetUpdates", "result":"DeleteReceived", "context":{"id":"1490e4f9-3c0b-45e7-92ee-6bef24063079", "isDeleted:":"true", "version":"1678831128506"}}
{"logTime": "0918/234900", "correlationVector":"Eyy3Uoe/j6X4qwRUETWUcf.11","action":"GetUpdates", "result":"DeleteReceived", "context":{"id":"a765a38e-8556-4258-a081-24ac03bf156b", "isDeleted:":"true", "version":"1678831128963"}}
{"logTime": "0918/234900", "correlationVector":"Eyy3Uoe/j6X4qwRUETWUcf.12","action":"GetUpdates", "result":"DeleteReceived", "context":{"id":"1989afc7-9d56-42ec-b81e-9dcb94408adc", "isDeleted:":"true", "version":"1678831135165"}}
{"logTime": "0918/234900", "correlationVector":"Eyy3Uoe/j6X4qwRUETWUcf.13","action":"GetUpdates", "result":"DeleteReceived", "context":{"id":"3664ccc7-bcd3-417a-983d-c8f1830cc83e", "isDeleted:":"true", "version":"1678831135623"}}
{"logTime": "0918/234900", "correlationVector":"Eyy3Uoe/j6X4qwRUETWUcf.14","action":"GetUpdates", "result":"DeleteReceived", "context":{"id":"2109a9ce-ae4b-48ba-981d-1101b01cd9db", "isDeleted:":"true", "version":"1678831136056"}}
{"logTime": "0918/234900", "correlationVector":"Eyy3Uoe/j6X4qwRUETWUcf.15","action":"GetUpdates", "result":"DeleteReceived", "context":{"id":"5006a542-acc9-46f3-a5c4-bc874fed351e", "isDeleted:":"true", "version":"1678831139815"}}
{"logTime": "0918/234900", "correlationVector":"Eyy3Uoe/j6X4qwRUETWUcf.16","action":"GetUpdates", "result":"DeleteReceived", "context":{"id":"f5547b01-78c6-476b-9c06-cf71bbb492cd", "isDeleted:":"true", "version":"1678831140257"}}
{"logTime": "0918/234900", "correlationVector":"Eyy3Uoe/j6X4qwRUETWUcf.17","action":"GetUpdates", "result":"DeleteReceived", "context":{"id":"60c1a26f-493a-476d-a82f-598f827f6bf3", "isDeleted:":"true", "version":"1678831144101"}}
{"logTime": "0918/234900", "correlationVector":"Eyy3Uoe/j6X4qwRUETWUcf.18","action":"GetUpdates", "result":"DeleteReceived", "context":{"id":"82497d33-afd4-45b2-a7c3-baf5e4ec8a02", "isDeleted:":"true", "version":"1678831144597"}}
{"logTime": "0918/234900", "correlationVector":"Eyy3Uoe/j6X4qwRUETWUcf.19","action":"GetUpdates", "result":"DeleteReceived", "context":{"id":"4d356fbc-6e97-4a16-bc5c-b6c60dbdc70f", "isDeleted:":"true", "version":"1678831145063"}}
{"logTime": "0918/234900", "correlationVector":"Eyy3Uoe/j6X4qwRUETWUcf.20","action":"GetUpdates", "result":"DeleteReceived", "context":{"id":"997ed079-4269-4ce6-9277-f181922d32b3", "isDeleted:":"true", "version":"1678831145573"}}
{"logTime": "0918/234900", "correlationVector":"Eyy3Uoe/j6X4qwRUETWUcf.21","action":"GetUpdates", "result":"DeleteReceived", "context":{"id":"f1d98cfb-ee81-452c-bbef-152ef04e388b", "isDeleted:":"true", "version":"1678831146036"}}
{"logTime": "0918/234900", "correlationVector":"Eyy3Uoe/j6X4qwRUETWUcf.22","action":"GetUpdates", "result":"DeleteReceived", "context":{"id":"f8b77cae-9dc0-43d9-ba76-9e0f046192a6", "isDeleted:":"true", "version":"1678831152209"}}
{"logTime": "0918/234900", "correlationVector":"Eyy3Uoe/j6X4qwRUETWUcf.23","action":"GetUpdates", "result":"DeleteReceived", "context":{"id":"58265017-2a13-40b9-a8d4-5064cfc1929b", "isDeleted:":"true", "version":"1681279416937"}}
{"logTime": "0918/234900", "correlationVector":"Eyy3Uoe/j6X4qwRUETWUcf.24","action":"GetUpdates", "result":"DeleteReceived", "context":{"id":"d279f5cd-e4bd-432f-96c0-acaa93e70a17", "isDeleted:":"true", "version":"1681279417438"}}
{"logTime": "0918/234900", "correlationVector":"Eyy3Uoe/j6X4qwRUETWUcf.25","action":"GetUpdates", "result":"DeleteReceived", "context":{"id":"80f2bb0c-2c70-4f07-a741-e4acbb445099", "isDeleted:":"true", "version":"1681279418386"}}
{"logTime": "0918/234900", "correlationVector":"Eyy3Uoe/j6X4qwRUETWUcf.26","action":"GetUpdates", "result":"DeleteReceived", "context":{"id":"23be5da6-70a2-4425-9dcf-06c6fd0a20fa", "isDeleted:":"true", "version":"1681279418886"}}
{"logTime": "0918/234900", "correlationVector":"Eyy3Uoe/j6X4qwRUETWUcf.27","action":"GetUpdates", "result":"DeleteReceived", "context":{"id":"8210d2b3-e359-4b60-be28-d1d620122348", "isDeleted:":"true", "version":"1681279419362"}}
{"logTime": "0918/234900", "correlationVector":"Eyy3Uoe/j6X4qwRUETWUcf.28","action":"GetUpdates", "result":"DeleteReceived", "context":{"id":"ff02cc14-a3b6-4ddf-9a4f-407f842b95f1", "isDeleted:":"true", "version":"1681279419821"}}
{"logTime": "0918/234900", "correlationVector":"Eyy3Uoe/j6X4qwRUETWUcf.29","action":"GetUpdates", "result":"DeleteReceived", "context":{"id":"aeb4d14b-ae06-4d84-81e9-f2b0ef65108f", "isDeleted:":"true", "version":"1681279422781"}}
{"logTime": "0918/234900", "correlationVector":"Eyy3Uoe/j6X4qwRUETWUcf.30","action":"GetUpdates", "result":"DeleteReceived", "context":{"id":"e23a97b1-1351-414d-9a14-bec93dbac940", "isDeleted:":"true", "version":"1682135563555"}}
{"logTime": "0918/234900", "correlationVector":"Eyy3Uoe/j6X4qwRUETWUcf.31","action":"GetUpdates", "result":"DeleteReceived", "context":{"id":"97130a86-fa5e-4171-b644-f69832c56dc8", "isDeleted:":"true", "version":"1682135565274"}}
{"logTime": "0918/234900", "correlationVector":"Eyy3Uoe/j6X4qwRUETWUcf.32","action":"GetUpdates", "result":"DeleteReceived", "context":{"id":"692bbce3-f77d-4d16-9f48-eec862010104", "isDeleted:":"true", "version":"1682996409249"}}
{"logTime": "0918/234900", "correlationVector":"Eyy3Uoe/j6X4qwRUETWUcf.33","action":"GetUpdates", "result":"DeleteReceived", "context":{"id":"aaf98936-abef-48a2-bf46-9bc8b4e3d57f", "isDeleted:":"true", "version":"1682996409744"}}
{"logTime": "0918/234900", "correlationVector":"Eyy3Uoe/j6X4qwRUETWUcf.34","action":"GetUpdates", "result":"DeleteReceived", "context":{"id":"64f852a8-d838-471b-8977-2c0d5cba1708", "isDeleted:":"true", "version":"1682996410843"}}
{"logTime": "0918/234900", "correlationVector":"Eyy3Uoe/j6X4qwRUETWUcf.35","action":"GetUpdates", "result":"DeleteReceived", "context":{"id":"638fbe65-4603-479f-8863-3c9acc6f9e47", "isDeleted:":"true", "version":"1682996411360"}}
{"logTime": "0918/234900", "correlationVector":"Eyy3Uoe/j6X4qwRUETWUcf.36","action":"GetUpdates", "result":"DeleteReceived", "context":{"id":"81c172ce-343b-4881-af24-7086c8189348", "isDeleted:":"true", "version":"1682996411843"}}
{"logTime": "0918/234900", "correlationVector":"Eyy3Uoe/j6X4qwRUETWUcf.37","action":"GetUpdates", "result":"DeleteReceived", "context":{"id":"602cb706-20ab-4c3b-9db4-11721addcf93", "isDeleted:":"true", "version":"1682996412304"}}
{"logTime": "0918/234900", "correlationVector":"Eyy3Uoe/j6X4qwRUETWUcf.38","action":"GetUpdates", "result":"DeleteReceived", "context":{"id":"239f809d-ecb0-407a-bceb-e1baffc5a2d0", "isDeleted:":"true", "version":"1682996412802"}}
{"logTime": "0918/234900", "correlationVector":"Eyy3Uoe/j6X4qwRUETWUcf.39","action":"GetUpdates", "result":"DeleteReceived", "context":{"id":"8eb79e8c-a48b-4d1e-89cc-e2f61e11086c", "isDeleted:":"true", "version":"1682996413741"}}
{"logTime": "0918/234900", "correlationVector":"Eyy3Uoe/j6X4qwRUETWUcf.40","action":"GetUpdates", "result":"DeleteReceived", "context":{"id":"5decb3cb-7c85-4438-859e-3e2b13a754ab", "isDeleted:":"true", "version":"1682996414212"}}
{"logTime": "0918/234900", "correlationVector":"Eyy3Uoe/j6X4qwRUETWUcf.41","action":"GetUpdates", "result":"DeleteReceived", "context":{"id":"9f4d20c1-677a-4c34-83d0-c3d472a801ab", "isDeleted:":"true", "version":"1682996414697"}}
{"logTime": "0918/234900", "correlationVector":"Eyy3Uoe/j6X4qwRUETWUcf.42","action":"GetUpdates", "result":"DeleteReceived", "context":{"id":"29301857-dbd2-400c-9418-54e197177c1f", "isDeleted:":"true", "version":"1682996415219"}}
{"logTime": "0918/234900", "correlationVector":"Eyy3Uoe/j6X4qwRUETWUcf.43","action":"GetUpdates", "result":"DeleteReceived", "context":{"id":"fa16d85e-f941-4037-bfe4-6c9bca999a43", "isDeleted:":"true", "version":"1682996416073"}}
{"logTime": "0918/234900", "correlationVector":"Eyy3Uoe/j6X4qwRUETWUcf.44","action":"GetUpdates", "result":"DeleteReceived", "context":{"id":"dd589b45-8028-4a4b-808e-de667012d6bf", "isDeleted:":"true", "version":"1682996416577"}}
{"logTime": "0918/234900", "correlationVector":"Eyy3Uoe/j6X4qwRUETWUcf.45","action":"GetUpdates", "result":"DeleteReceived", "context":{"id":"1dca81b6-221b-4ffd-a0f5-831c0fc17efa", "isDeleted:":"true", "version":"1682996418159"}}
{"logTime": "0918/234900", "correlationVector":"Eyy3Uoe/j6X4qwRUETWUcf.46","action":"GetUpdates", "result":"DeleteReceived", "context":{"id":"41a204a6-7eab-48f5-b422-b49acf648242", "isDeleted:":"true", "version":"1682996421619"}}
{"logTime": "0918/234900", "correlationVector":"Eyy3Uoe/j6X4qwRUETWUcf.47","action":"GetUpdates", "result":"DeleteReceived", "context":{"id":"95da55dd-34ad-4e00-91e3-e6cbc22f08b1", "isDeleted:":"true", "version":"1683748281196"}}
{"logTime": "0918/234900", "correlationVector":"Eyy3Uoe/j6X4qwRUETWUcf.48","action":"GetUpdates", "result":"DeleteReceived", "context":{"id":"32779161-64fd-4889-a23b-7841ef219b22", "isDeleted:":"true", "version":"1683748283481"}}
{"logTime": "0918/234900", "correlationVector":"Eyy3Uoe/j6X4qwRUETWUcf.49","action":"GetUpdates", "result":"DeleteReceived", "context":{"id":"abc37825-192b-4513-ac1c-25fee7673f14", "isDeleted:":"true", "version":"1684445180005"}}
{"logTime": "0918/234900", "correlationVector":"Eyy3Uoe/j6X4qwRUETWUcf.50","action":"GetUpdates Response", "result":"SERVER_MORE_TO_DOWNLOAD", "context":Received 250 update(s).  Some updates remain.}
{"logTime": "0918/234900", "correlationVector":"TQ0/w4HGZ16PoGmikI9vFx","action":"Initial GetUpdates", "result":"", "context":Reason: NEWLY_SUPPORTED_DATATYPE. cV=TQ0/w4HGZ16PoGmikI9vFx}
{"logTime": "0918/234900", "correlationVector":"TQ0/w4HGZ16PoGmikI9vFx.1","action":"SyncServerConnectionManagerRequest", "result":"SYNC_SERVER_OK", "context":{"environment":"Prod_SouthCentralUS_000i", "migrationStage":"NotStarted", "server":"GENERAL0100000Q"}}
{"logTime": "0918/234900", "correlationVector":"TQ0/w4HGZ16PoGmikI9vFx.2","action":"GetUpdates", "result":"DeleteReceived", "context":{"id":"88db4ea4-57c7-44ea-a894-a4a65ee67d4b", "isDeleted:":"true", "version":"1686192384899"}}
{"logTime": "0918/234900", "correlationVector":"TQ0/w4HGZ16PoGmikI9vFx.3","action":"GetUpdates", "result":"DeleteReceived", "context":{"id":"4541e168-7526-4158-8991-adb210d6a18a", "isDeleted:":"true", "version":"1687159903325"}}
{"logTime": "0918/234900", "correlationVector":"TQ0/w4HGZ16PoGmikI9vFx.4","action":"GetUpdates", "result":"DeleteReceived", "context":{"id":"54196eb5-81e3-431f-92cb-baaf9478964c", "isDeleted:":"true", "version":"1687159903796"}}
{"logTime": "0918/234900", "correlationVector":"TQ0/w4HGZ16PoGmikI9vFx.5","action":"GetUpdates", "result":"DeleteReceived", "context":{"id":"58d32aca-9927-49b5-9975-333d6da01d91", "isDeleted:":"true", "version":"1687159906071"}}
{"logTime": "0918/234900", "correlationVector":"TQ0/w4HGZ16PoGmikI9vFx.6","action":"GetUpdates", "result":"DeleteReceived", "context":{"id":"21aa5b92-a226-43ea-b707-93761dc9c23d", "isDeleted:":"true", "version":"1687159906533"}}
{"logTime": "0918/234900", "correlationVector":"TQ0/w4HGZ16PoGmikI9vFx.7","action":"GetUpdates", "result":"DeleteReceived", "context":{"id":"35051681-cfd4-4f6b-959f-3cdf7e5e828e", "isDeleted:":"true", "version":"1687159907020"}}
{"logTime": "0918/234900", "correlationVector":"TQ0/w4HGZ16PoGmikI9vFx.8","action":"GetUpdates", "result":"DeleteReceived", "context":{"id":"d885275a-58d9-4902-8f1b-516ef0e96a3f", "isDeleted:":"true", "version":"1687159907489"}}
{"logTime": "0918/234900", "correlationVector":"TQ0/w4HGZ16PoGmikI9vFx.9","action":"GetUpdates", "result":"DeleteReceived", "context":{"id":"4affc1c7-bd97-41ef-a748-fe9c64ba9610", "isDeleted:":"true", "version":"1687159909282"}}
{"logTime": "0918/234900", "correlationVector":"TQ0/w4HGZ16PoGmikI9vFx.10","action":"GetUpdates", "result":"DeleteReceived", "context":{"id":"867b621d-574e-4706-8e01-89d3ebe99da6", "isDeleted:":"true", "version":"1687160407696"}}
{"logTime": "0918/234900", "correlationVector":"TQ0/w4HGZ16PoGmikI9vFx.11","action":"GetUpdates", "result":"DeleteReceived", "context":{"id":"f655442a-82a6-40ff-a482-65ea2e25f285", "isDeleted:":"true", "version":"1687160428109"}}
{"logTime": "0918/234900", "correlationVector":"TQ0/w4HGZ16PoGmikI9vFx.12","action":"GetUpdates", "result":"DeleteReceived", "context":{"id":"c216b748-abb8-4c54-bc7b-978af1f32ad5", "isDeleted:":"true", "version":"1687160429247"}}
{"logTime": "0918/234900", "correlationVector":"TQ0/w4HGZ16PoGmikI9vFx.13","action":"GetUpdates", "result":"DeleteReceived", "context":{"id":"7d6e9bd7-47e4-4846-b497-b7a80159f059", "isDeleted:":"true", "version":"1687160432522"}}
{"logTime": "0918/234900", "correlationVector":"TQ0/w4HGZ16PoGmikI9vFx.14","action":"GetUpdates", "result":"DeleteReceived", "context":{"id":"245ff666-f176-4bc0-b8df-0a43914c0027", "isDeleted:":"true", "version":"1687160433859"}}
{"logTime": "0918/234900", "correlationVector":"TQ0/w4HGZ16PoGmikI9vFx.15","action":"GetUpdates", "result":"DeleteReceived", "context":{"id":"4b9f452d-0b90-44d9-bb6e-bf164c2d1857", "isDeleted:":"true", "version":"1687160434847"}}
{"logTime": "0918/234900", "correlationVector":"TQ0/w4HGZ16PoGmikI9vFx.16","action":"GetUpdates", "result":"DeleteReceived", "context":{"id":"43b5ffef-f518-44a8-98d2-cfd6961c7d0e", "isDeleted:":"true", "version":"1687160435306"}}
{"logTime": "0918/234900", "correlationVector":"TQ0/w4HGZ16PoGmikI9vFx.17","action":"GetUpdates", "result":"DeleteReceived", "context":{"id":"d92f60a2-d55b-461c-a6c4-0fb9b9ae8a87", "isDeleted:":"true", "version":"1687160436269"}}
{"logTime": "0918/234900", "correlationVector":"TQ0/w4HGZ16PoGmikI9vFx.18","action":"GetUpdates", "result":"DeleteReceived", "context":{"id":"e231fa9d-cad6-4c5e-a8cc-7b329172e333", "isDeleted:":"true", "version":"1687160437497"}}
{"logTime": "0918/234900", "correlationVector":"TQ0/w4HGZ16PoGmikI9vFx.19","action":"GetUpdates", "result":"DeleteReceived", "context":{"id":"edd8a8e6-14e1-4814-bc6c-5671cd9d66b5", "isDeleted:":"true", "version":"1687160439180"}}
{"logTime": "0918/234900", "correlationVector":"TQ0/w4HGZ16PoGmikI9vFx.20","action":"GetUpdates", "result":"DeleteReceived", "context":{"id":"351c0c7e-6879-4f0d-83a8-ddebef79777c", "isDeleted:":"true", "version":"1687160441507"}}
{"logTime": "0918/234900", "correlationVector":"TQ0/w4HGZ16PoGmikI9vFx.21","action":"GetUpdates", "result":"DeleteReceived", "context":{"id":"6f16e545-ccc3-4144-91d3-11d26ebe803f", "isDeleted:":"true", "version":"1687160443453"}}
{"logTime": "0918/234900", "correlationVector":"TQ0/w4HGZ16PoGmikI9vFx.22","action":"GetUpdates", "result":"DeleteReceived", "context":{"id":"23dde64c-59de-4067-80f5-7849ddf5135d", "isDeleted:":"true", "version":"1687160445746"}}
{"logTime": "0918/234900", "correlationVector":"TQ0/w4HGZ16PoGmikI9vFx.23","action":"GetUpdates", "result":"DeleteReceived", "context":{"id":"f73c6c55-505c-4e68-b125-76a832ea65a9", "isDeleted:":"true", "version":"1687160447085"}}
{"logTime": "0918/234900", "correlationVector":"TQ0/w4HGZ16PoGmikI9vFx.24","action":"GetUpdates", "result":"DeleteReceived", "context":{"id":"be5d1dc3-6db6-4eb7-952e-fed0b0327b79", "isDeleted:":"true", "version":"1687160448164"}}
{"logTime": "0918/234900", "correlationVector":"TQ0/w4HGZ16PoGmikI9vFx.25","action":"GetUpdates", "result":"DeleteReceived", "context":{"id":"0197139b-2ff0-4a6d-8337-a2127e2963f8", "isDeleted:":"true", "version":"1687160449113"}}
{"logTime": "0918/234900", "correlationVector":"TQ0/w4HGZ16PoGmikI9vFx.26","action":"GetUpdates", "result":"DeleteReceived", "context":{"id":"f6846e48-6508-4d08-bc64-d6fdbe2a7ada", "isDeleted:":"true", "version":"1687160449114"}}
{"logTime": "0918/234900", "correlationVector":"TQ0/w4HGZ16PoGmikI9vFx.27","action":"GetUpdates", "result":"DeleteReceived", "context":{"id":"222f2728-acb0-459e-84e8-78ec57df61c0", "isDeleted:":"true", "version":"1687160450060"}}
{"logTime": "0918/234900", "correlationVector":"TQ0/w4HGZ16PoGmikI9vFx.28","action":"GetUpdates", "result":"DeleteReceived", "context":{"id":"feb53c9e-1338-4f04-9606-b00536f1d38e", "isDeleted:":"true", "version":"1687160526493"}}
{"logTime": "0918/234900", "correlationVector":"TQ0/w4HGZ16PoGmikI9vFx.29","action":"GetUpdates", "result":"DeleteReceived", "context":{"id":"60b01031-2587-4e75-80c9-bfa0f453e2e6", "isDeleted:":"true", "version":"1687230583256"}}
{"logTime": "0918/234900", "correlationVector":"TQ0/w4HGZ16PoGmikI9vFx.30","action":"GetUpdates", "result":"DeleteReceived", "context":{"id":"50746f4c-4259-4e8d-bb9b-0d54a9cb853b", "isDeleted:":"true", "version":"1687230583706"}}
{"logTime": "0918/234900", "correlationVector":"TQ0/w4HGZ16PoGmikI9vFx.31","action":"GetUpdates", "result":"DeleteReceived", "context":{"id":"cdd159b6-640b-4ab8-9dbb-f82483df7cd4", "isDeleted:":"true", "version":"1687230585379"}}
{"logTime": "0918/234900", "correlationVector":"TQ0/w4HGZ16PoGmikI9vFx.32","action":"GetUpdates", "result":"DeleteReceived", "context":{"id":"b6fb9a4d-0585-4865-9580-3312c826feeb", "isDeleted:":"true", "version":"1687230586049"}}
{"logTime": "0918/234900", "correlationVector":"TQ0/w4HGZ16PoGmikI9vFx.33","action":"GetUpdates", "result":"DeleteReceived", "context":{"id":"221fc961-5bdd-4117-8f3b-f1ff39b193b3", "isDeleted:":"true", "version":"1687230586499"}}
{"logTime": "0918/234900", "correlationVector":"TQ0/w4HGZ16PoGmikI9vFx.34","action":"GetUpdates", "result":"DeleteReceived", "context":{"id":"46953be9-24c2-4a73-9015-74e0d6cdfe0d", "isDeleted:":"true", "version":"1687230586961"}}
{"logTime": "0918/234900", "correlationVector":"TQ0/w4HGZ16PoGmikI9vFx.35","action":"GetUpdates Response", "result":"SERVER_MORE_TO_DOWNLOAD", "context":Received 250 update(s).  Some updates remain.}
{"logTime": "0918/234900", "correlationVector":"axOY4Lc7Pew/na4pcXj0zA","action":"Initial GetUpdates", "result":"", "context":Reason: NEWLY_SUPPORTED_DATATYPE. cV=axOY4Lc7Pew/na4pcXj0zA}
{"logTime": "0918/234900", "correlationVector":"axOY4Lc7Pew/na4pcXj0zA.1","action":"SyncServerConnectionManagerRequest", "result":"SYNC_SERVER_OK", "context":{"environment":"Prod_SouthCentralUS_000i", "migrationStage":"NotStarted", "server":"GENERAL01000016"}}
{"logTime": "0918/234900", "correlationVector":"axOY4Lc7Pew/na4pcXj0zA.2","action":"GetUpdates", "result":"DeleteReceived", "context":{"id":"e64414df-2357-4247-81f5-41669d58e9e9", "isDeleted:":"true", "version":"1687230587426"}}
{"logTime": "0918/234900", "correlationVector":"axOY4Lc7Pew/na4pcXj0zA.3","action":"GetUpdates", "result":"DeleteReceived", "context":{"id":"bba990e1-1264-44f1-99d1-ab12d8020ab7", "isDeleted:":"true", "version":"1687230590814"}}
{"logTime": "0918/234900", "correlationVector":"axOY4Lc7Pew/na4pcXj0zA.4","action":"GetUpdates", "result":"DeleteReceived", "context":{"id":"d2fb2fdc-9eec-404d-9423-d1f845249531", "isDeleted:":"true", "version":"1687230591295"}}
{"logTime": "0918/234900", "correlationVector":"axOY4Lc7Pew/na4pcXj0zA.5","action":"GetUpdates", "result":"DeleteReceived", "context":{"id":"ffdc763b-e5d9-4cb8-abaa-ccdca3b0a0c6", "isDeleted:":"true", "version":"1687230591753"}}
{"logTime": "0918/234900", "correlationVector":"axOY4Lc7Pew/na4pcXj0zA.6","action":"GetUpdates", "result":"DeleteReceived", "context":{"id":"6bceabc1-2f8b-488e-a238-f3ce284d4e1f", "isDeleted:":"true", "version":"1687230592189"}}
{"logTime": "0918/234900", "correlationVector":"axOY4Lc7Pew/na4pcXj0zA.7","action":"GetUpdates", "result":"DeleteReceived", "context":{"id":"4b162868-55d2-4ebc-8c64-fc1f5f114876", "isDeleted:":"true", "version":"1687230592630"}}
{"logTime": "0918/234900", "correlationVector":"axOY4Lc7Pew/na4pcXj0zA.8","action":"GetUpdates", "result":"DeleteReceived", "context":{"id":"bfae7126-b65e-435d-9670-ed3cd466118b", "isDeleted:":"true", "version":"1687230594145"}}
{"logTime": "0918/234900", "correlationVector":"axOY4Lc7Pew/na4pcXj0zA.9","action":"GetUpdates", "result":"DeleteReceived", "context":{"id":"ed2f2a3e-0c4a-484d-8505-acc16af03aa0", "isDeleted:":"true", "version":"1687230594581"}}
{"logTime": "0918/234900", "correlationVector":"axOY4Lc7Pew/na4pcXj0zA.10","action":"GetUpdates", "result":"DeleteReceived", "context":{"id":"6910ccdf-1c5f-419f-a701-0f38e2ee4bc3", "isDeleted:":"true", "version":"1692844950022"}}
{"logTime": "0918/234900", "correlationVector":"axOY4Lc7Pew/na4pcXj0zA.11","action":"GetUpdates", "result":"DeleteReceived", "context":{"id":"31255b19-6f26-4b35-ac3f-772e9b41c786", "isDeleted:":"true", "version":"1692844950455"}}
{"logTime": "0918/234900", "correlationVector":"axOY4Lc7Pew/na4pcXj0zA.12","action":"GetUpdates", "result":"DeleteReceived", "context":{"id":"63e9a756-e7e7-4055-a182-6b6a5ae8a31c", "isDeleted:":"true", "version":"1692844951398"}}
{"logTime": "0918/234900", "correlationVector":"axOY4Lc7Pew/na4pcXj0zA.13","action":"GetUpdates", "result":"DeleteReceived", "context":{"id":"983c28d9-fec4-4350-a922-b24a87fbf06b", "isDeleted:":"true", "version":"1692908120542"}}
{"logTime": "0918/234900", "correlationVector":"axOY4Lc7Pew/na4pcXj0zA.14","action":"GetUpdates", "result":"DeleteReceived", "context":{"id":"9d3c79d7-501d-4bb6-b711-1ca8602bb524", "isDeleted:":"true", "version":"1694907198578"}}
{"logTime": "0918/234900", "correlationVector":"axOY4Lc7Pew/na4pcXj0zA.15","action":"GetUpdates Response", "result":"SYNCER_OK", "context":Received 103 update(s). cV=axOY4Lc7Pew/na4pcXj0zA.0;server=GENERAL01000016;cloudType=Consumer;environment=Prod_SouthCentralUS_000i;migrationStage=NotStarted}
{"logTime": "0918/234900", "correlationVector":"4n0MuXJkXKaaDy2+d3h2jg","action":"Normal GetUpdate request", "result":"", "context":cV=4n0MuXJkXKaaDy2+d3h2jg
Nudged types: Sessions, User Consents
Refresh requested types: Bookmarks, Preferences, Passwords, Autofill Profiles, Autofill, Autofill Custom Data, Typed URLs, Extensions, Sessions, Extension settings, History Delete Directives, Device Info, User Consents, Send Tab To Self, Web Apps, Collection, Edge E Drop, Edge Hub App Usage, Encryption Keys}
{"logTime": "0918/234900", "correlationVector":"4n0MuXJkXKaaDy2+d3h2jg.1","action":"SyncServerConnectionManagerRequest", "result":"SYNC_SERVER_OK", "context":{"environment":"Prod_SouthCentralUS_000i", "migrationStage":"NotStarted", "server":"GENERAL0100000C"}}
{"logTime": "0918/234900", "correlationVector":"4n0MuXJkXKaaDy2+d3h2jg.2","action":"GetUpdates Response", "result":"SYNCER_OK", "context":Received 1 update(s). cV=4n0MuXJkXKaaDy2+d3h2jg.0;server=GENERAL0100000C;cloudType=Consumer;environment=Prod_SouthCentralUS_000i;migrationStage=NotStarted}
{"logTime": "0918/234900", "correlationVector":"VYMsl0uWj5w8YEavSdZ1Wk","action":"Commit Request", "result":"", "context":Item count: 4
Contributing types: Sessions, User Consents}
{"logTime": "0918/234900", "correlationVector":"VYMsl0uWj5w8YEavSdZ1Wk.1","action":"SyncServerConnectionManagerRequest", "result":"SYNC_SERVER_OK", "context":{"environment":"Prod_SouthCentralUS_000i", "migrationStage":"NotStarted", "server":"GENERAL0100000O"}}
{"logTime": "0918/234900", "correlationVector":"VYMsl0uWj5w8YEavSdZ1Wk.2","action":"Commit Response", "result":"SYNCER_OK", "context":Result: SYNCER_OK. cV=VYMsl0uWj5w8YEavSdZ1Wk.0;server=GENERAL0100000O;cloudType=Consumer;environment=Prod_SouthCentralUS_000i;migrationStage=NotStarted}
{"logTime": "0918/234900", "correlationVector":"VYMsl0uWj5w8YEavSdZ1Wk.3","action":"Commit.Sessions", "result":"Success", "context":{"id":"24e29e45-6cdf-4799-9c16-6d3a72251222", "isDeleted":"true", "size":"0", "version":"1695080790477"}}
{"logTime": "0918/234900", "correlationVector":"EWFn+hRr0dxNAqaoOhh+Hz","action":"Normal GetUpdate request", "result":"", "context":cV=EWFn+hRr0dxNAqaoOhh+Hz
Nudged types: Sessions}
{"logTime": "0918/234900", "correlationVector":"EWFn+hRr0dxNAqaoOhh+Hz.1","action":"SyncServerConnectionManagerRequest", "result":"SYNC_SERVER_OK", "context":{"environment":"Prod_SouthCentralUS_000i", "migrationStage":"NotStarted", "server":"GENERAL0100000W"}}
{"logTime": "0918/234900", "correlationVector":"EWFn+hRr0dxNAqaoOhh+Hz.2","action":"GetUpdates", "result":"DeleteReceived", "context":{"id":"24e29e45-6cdf-4799-9c16-6d3a72251222", "isDeleted:":"true", "version":"1695080880654"}}
{"logTime": "0918/234900", "correlationVector":"EWFn+hRr0dxNAqaoOhh+Hz.3","action":"GetUpdates Response", "result":"SYNCER_OK", "context":Received 3 update(s). cV=EWFn+hRr0dxNAqaoOhh+Hz.0;server=GENERAL0100000W;cloudType=Consumer;environment=Prod_SouthCentralUS_000i;migrationStage=NotStarted}
{"logTime": "0918/234900", "correlationVector":"P7plea/cz5Fq5Cg9mcgSio","action":"Commit Request", "result":"", "context":Item count: 1
Contributing types: Sessions}
{"logTime": "0918/234900", "correlationVector":"P7plea/cz5Fq5Cg9mcgSio.1","action":"SyncServerConnectionManagerRequest", "result":"SYNC_SERVER_OK", "context":{"environment":"Prod_SouthCentralUS_000i", "migrationStage":"NotStarted", "server":"GENERAL0100001H"}}
{"logTime": "0918/234900", "correlationVector":"P7plea/cz5Fq5Cg9mcgSio.2","action":"Commit Response", "result":"SYNCER_OK", "context":Result: SYNCER_OK. cV=P7plea/cz5Fq5Cg9mcgSio.0;server=GENERAL0100001H;cloudType=Consumer;environment=Prod_SouthCentralUS_000i;migrationStage=NotStarted}
{"logTime": "0918/234905", "correlationVector":"dyfOQ/4ZdTZbET7s7Jfb12","action":"Normal GetUpdate request", "result":"", "context":cV=dyfOQ/4ZdTZbET7s7Jfb12
Nudged types: Sessions}
{"logTime": "0918/234905", "correlationVector":"dyfOQ/4ZdTZbET7s7Jfb12.1","action":"SyncServerConnectionManagerRequest", "result":"SYNC_SERVER_OK", "context":{"environment":"Prod_SouthCentralUS_000i", "migrationStage":"NotStarted", "server":"GENERAL0100000F"}}
{"logTime": "0918/234905", "correlationVector":"dyfOQ/4ZdTZbET7s7Jfb12.2","action":"GetUpdates Response", "result":"SYNCER_OK", "context":Received 2 update(s). cV=dyfOQ/4ZdTZbET7s7Jfb12.0;server=GENERAL0100000F;cloudType=Consumer;environment=Prod_SouthCentralUS_000i;migrationStage=NotStarted}
{"logTime": "0918/235314", "correlationVector":"WdxacUsIZOEJyNyFUAaUDe.0","action":"FeedSettingFetch_homeCloud", "result":"0", "context":{}}
{"logTime": "0918/235314", "correlationVector":"iPSBVp8mJj0xRnZTjfH373.1","action":"SyncServerConnectionManagerRequest", "result":"SYNC_SERVER_OK", "context":{"environment":"Prod_SouthCentralUS_000i", "migrationStage":"NotStarted", "server":"GENERAL0100000D"}}
{"logTime": "0918/235314", "correlationVector":"iPSBVp8mJj0xRnZTjfH373","action":"Initial GetUpdates", "result":"", "context":Reason: NEW_CLIENT. cV=iPSBVp8mJj0xRnZTjfH373}
{"logTime": "0918/235314", "correlationVector":"iPSBVp8mJj0xRnZTjfH373.2","action":"GetUpdates Response", "result":"SYNCER_OK", "context":Received 1 update(s). cV=iPSBVp8mJj0xRnZTjfH373.0;server=GENERAL0100000D;cloudType=Consumer;environment=Prod_SouthCentralUS_000i;migrationStage=NotStarted}
{"logTime": "0918/235314", "correlationVector":"TcBJTRUjcl5hxaqPm3jaom","action":"Initial GetUpdates", "result":"", "context":Reason: NEWLY_SUPPORTED_DATATYPE. cV=TcBJTRUjcl5hxaqPm3jaom}
{"logTime": "0918/235314", "correlationVector":"TcBJTRUjcl5hxaqPm3jaom.1","action":"SyncServerConnectionManagerRequest", "result":"SYNC_SERVER_OK", "context":{"environment":"Prod_SouthCentralUS_000i", "migrationStage":"NotStarted", "server":"GENERAL01000008"}}
{"logTime": "0918/235314", "correlationVector":"TcBJTRUjcl5hxaqPm3jaom.2","action":"GetUpdates Response", "result":"SYNCER_OK", "context":Received 0 update(s). cV=TcBJTRUjcl5hxaqPm3jaom.0;server=GENERAL01000008;cloudType=Consumer;environment=Prod_SouthCentralUS_000i;migrationStage=NotStarted}
{"logTime": "0918/235314", "correlationVector":"2UqkCItxzg4FPw1jcAjXmq","action":"SyncServerConnectionManagerRequest", "result":"SYNC_SERVER_OK", "context":{"environment":"", "migrationStage":"", "server":""}}
{"logTime": "0918/235314", "correlationVector":"JiKll7DkITHfVmaLH2kItd","action":"Initial GetUpdates", "result":"", "context":Reason: NEWLY_SUPPORTED_DATATYPE. cV=JiKll7DkITHfVmaLH2kItd}
{"logTime": "0918/235314", "correlationVector":"JiKll7DkITHfVmaLH2kItd.1","action":"SyncServerConnectionManagerRequest", "result":"SYNC_SERVER_OK", "context":{"environment":"Prod_SouthCentralUS_000i", "migrationStage":"NotStarted", "server":"GENERAL01000016"}}
{"logTime": "0918/235314", "correlationVector":"JiKll7DkITHfVmaLH2kItd.2","action":"GetUpdates", "result":"DeleteReceived", "context":{"id":"70ebcfb6-7963-4a5f-a161-c0d2a210e757", "isDeleted:":"true", "version":"1677638065117"}}
{"logTime": "0918/235314", "correlationVector":"JiKll7DkITHfVmaLH2kItd.3","action":"GetUpdates", "result":"DeleteReceived", "context":{"id":"32005e17-92ea-449f-b0ab-4d81799f8361", "isDeleted:":"true", "version":"1678831124915"}}
{"logTime": "0918/235314", "correlationVector":"JiKll7DkITHfVmaLH2kItd.4","action":"GetUpdates", "result":"DeleteReceived", "context":{"id":"774d3c6e-130f-4312-a80b-6f4279873c0f", "isDeleted:":"true", "version":"1678831125399"}}
{"logTime": "0918/235314", "correlationVector":"JiKll7DkITHfVmaLH2kItd.5","action":"GetUpdates", "result":"DeleteReceived", "context":{"id":"64aea13c-ea7e-4d96-bfe6-8cff30839949", "isDeleted:":"true", "version":"1678831125849"}}
{"logTime": "0918/235314", "correlationVector":"JiKll7DkITHfVmaLH2kItd.6","action":"GetUpdates", "result":"DeleteReceived", "context":{"id":"b1361516-5b57-4387-a82f-ff81ad155b69", "isDeleted:":"true", "version":"1678831126379"}}
{"logTime": "0918/235314", "correlationVector":"JiKll7DkITHfVmaLH2kItd.7","action":"GetUpdates", "result":"DeleteReceived", "context":{"id":"bdc2951b-c51b-4f88-975e-4d65f02844e3", "isDeleted:":"true", "version":"1678831126960"}}
{"logTime": "0918/235314", "correlationVector":"JiKll7DkITHfVmaLH2kItd.8","action":"GetUpdates", "result":"DeleteReceived", "context":{"id":"ebe6fa1e-ca56-470d-8b26-14cb7be29867", "isDeleted:":"true", "version":"1678831127511"}}
{"logTime": "0918/235314", "correlationVector":"JiKll7DkITHfVmaLH2kItd.9","action":"GetUpdates", "result":"DeleteReceived", "context":{"id":"acc1b368-5fa8-4504-a578-bfc5735b5457", "isDeleted:":"true", "version":"1678831127985"}}
{"logTime": "0918/235314", "correlationVector":"JiKll7DkITHfVmaLH2kItd.10","action":"GetUpdates", "result":"DeleteReceived", "context":{"id":"1490e4f9-3c0b-45e7-92ee-6bef24063079", "isDeleted:":"true", "version":"1678831128506"}}
{"logTime": "0918/235314", "correlationVector":"JiKll7DkITHfVmaLH2kItd.11","action":"GetUpdates", "result":"DeleteReceived", "context":{"id":"a765a38e-8556-4258-a081-24ac03bf156b", "isDeleted:":"true", "version":"1678831128963"}}
{"logTime": "0918/235314", "correlationVector":"JiKll7DkITHfVmaLH2kItd.12","action":"GetUpdates", "result":"DeleteReceived", "context":{"id":"1989afc7-9d56-42ec-b81e-9dcb94408adc", "isDeleted:":"true", "version":"1678831135165"}}
{"logTime": "0918/235314", "correlationVector":"JiKll7DkITHfVmaLH2kItd.13","action":"GetUpdates", "result":"DeleteReceived", "context":{"id":"3664ccc7-bcd3-417a-983d-c8f1830cc83e", "isDeleted:":"true", "version":"1678831135623"}}
{"logTime": "0918/235314", "correlationVector":"JiKll7DkITHfVmaLH2kItd.14","action":"GetUpdates", "result":"DeleteReceived", "context":{"id":"2109a9ce-ae4b-48ba-981d-1101b01cd9db", "isDeleted:":"true", "version":"1678831136056"}}
{"logTime": "0918/235314", "correlationVector":"JiKll7DkITHfVmaLH2kItd.15","action":"GetUpdates", "result":"DeleteReceived", "context":{"id":"5006a542-acc9-46f3-a5c4-bc874fed351e", "isDeleted:":"true", "version":"1678831139815"}}
{"logTime": "0918/235314", "correlationVector":"JiKll7DkITHfVmaLH2kItd.16","action":"GetUpdates", "result":"DeleteReceived", "context":{"id":"f5547b01-78c6-476b-9c06-cf71bbb492cd", "isDeleted:":"true", "version":"1678831140257"}}
{"logTime": "0918/235314", "correlationVector":"JiKll7DkITHfVmaLH2kItd.17","action":"GetUpdates", "result":"DeleteReceived", "context":{"id":"60c1a26f-493a-476d-a82f-598f827f6bf3", "isDeleted:":"true", "version":"1678831144101"}}
{"logTime": "0918/235314", "correlationVector":"JiKll7DkITHfVmaLH2kItd.18","action":"GetUpdates", "result":"DeleteReceived", "context":{"id":"82497d33-afd4-45b2-a7c3-baf5e4ec8a02", "isDeleted:":"true", "version":"1678831144597"}}
{"logTime": "0918/235314", "correlationVector":"JiKll7DkITHfVmaLH2kItd.19","action":"GetUpdates", "result":"DeleteReceived", "context":{"id":"4d356fbc-6e97-4a16-bc5c-b6c60dbdc70f", "isDeleted:":"true", "version":"1678831145063"}}
{"logTime": "0918/235314", "correlationVector":"JiKll7DkITHfVmaLH2kItd.20","action":"GetUpdates", "result":"DeleteReceived", "context":{"id":"997ed079-4269-4ce6-9277-f181922d32b3", "isDeleted:":"true", "version":"1678831145573"}}
{"logTime": "0918/235314", "correlationVector":"JiKll7DkITHfVmaLH2kItd.21","action":"GetUpdates", "result":"DeleteReceived", "context":{"id":"f1d98cfb-ee81-452c-bbef-152ef04e388b", "isDeleted:":"true", "version":"1678831146036"}}
{"logTime": "0918/235314", "correlationVector":"JiKll7DkITHfVmaLH2kItd.22","action":"GetUpdates", "result":"DeleteReceived", "context":{"id":"f8b77cae-9dc0-43d9-ba76-9e0f046192a6", "isDeleted:":"true", "version":"1678831152209"}}
{"logTime": "0918/235314", "correlationVector":"JiKll7DkITHfVmaLH2kItd.23","action":"GetUpdates", "result":"DeleteReceived", "context":{"id":"58265017-2a13-40b9-a8d4-5064cfc1929b", "isDeleted:":"true", "version":"1681279416937"}}
{"logTime": "0918/235314", "correlationVector":"JiKll7DkITHfVmaLH2kItd.24","action":"GetUpdates", "result":"DeleteReceived", "context":{"id":"d279f5cd-e4bd-432f-96c0-acaa93e70a17", "isDeleted:":"true", "version":"1681279417438"}}
{"logTime": "0918/235314", "correlationVector":"JiKll7DkITHfVmaLH2kItd.25","action":"GetUpdates", "result":"DeleteReceived", "context":{"id":"80f2bb0c-2c70-4f07-a741-e4acbb445099", "isDeleted:":"true", "version":"1681279418386"}}
{"logTime": "0918/235314", "correlationVector":"JiKll7DkITHfVmaLH2kItd.26","action":"GetUpdates", "result":"DeleteReceived", "context":{"id":"23be5da6-70a2-4425-9dcf-06c6fd0a20fa", "isDeleted:":"true", "version":"1681279418886"}}
{"logTime": "0918/235314", "correlationVector":"JiKll7DkITHfVmaLH2kItd.27","action":"GetUpdates", "result":"DeleteReceived", "context":{"id":"8210d2b3-e359-4b60-be28-d1d620122348", "isDeleted:":"true", "version":"1681279419362"}}
{"logTime": "0918/235314", "correlationVector":"JiKll7DkITHfVmaLH2kItd.28","action":"GetUpdates", "result":"DeleteReceived", "context":{"id":"ff02cc14-a3b6-4ddf-9a4f-407f842b95f1", "isDeleted:":"true", "version":"1681279419821"}}
{"logTime": "0918/235314", "correlationVector":"JiKll7DkITHfVmaLH2kItd.29","action":"GetUpdates", "result":"DeleteReceived", "context":{"id":"aeb4d14b-ae06-4d84-81e9-f2b0ef65108f", "isDeleted:":"true", "version":"1681279422781"}}
{"logTime": "0918/235314", "correlationVector":"JiKll7DkITHfVmaLH2kItd.30","action":"GetUpdates", "result":"DeleteReceived", "context":{"id":"e23a97b1-1351-414d-9a14-bec93dbac940", "isDeleted:":"true", "version":"1682135563555"}}
{"logTime": "0918/235314", "correlationVector":"JiKll7DkITHfVmaLH2kItd.31","action":"GetUpdates", "result":"DeleteReceived", "context":{"id":"97130a86-fa5e-4171-b644-f69832c56dc8", "isDeleted:":"true", "version":"1682135565274"}}
{"logTime": "0918/235314", "correlationVector":"JiKll7DkITHfVmaLH2kItd.32","action":"GetUpdates", "result":"DeleteReceived", "context":{"id":"692bbce3-f77d-4d16-9f48-eec862010104", "isDeleted:":"true", "version":"1682996409249"}}
{"logTime": "0918/235314", "correlationVector":"JiKll7DkITHfVmaLH2kItd.33","action":"GetUpdates", "result":"DeleteReceived", "context":{"id":"aaf98936-abef-48a2-bf46-9bc8b4e3d57f", "isDeleted:":"true", "version":"1682996409744"}}
{"logTime": "0918/235314", "correlationVector":"JiKll7DkITHfVmaLH2kItd.34","action":"GetUpdates", "result":"DeleteReceived", "context":{"id":"64f852a8-d838-471b-8977-2c0d5cba1708", "isDeleted:":"true", "version":"1682996410843"}}
{"logTime": "0918/235314", "correlationVector":"JiKll7DkITHfVmaLH2kItd.35","action":"GetUpdates", "result":"DeleteReceived", "context":{"id":"638fbe65-4603-479f-8863-3c9acc6f9e47", "isDeleted:":"true", "version":"1682996411360"}}
{"logTime": "0918/235314", "correlationVector":"JiKll7DkITHfVmaLH2kItd.36","action":"GetUpdates", "result":"DeleteReceived", "context":{"id":"81c172ce-343b-4881-af24-7086c8189348", "isDeleted:":"true", "version":"1682996411843"}}
{"logTime": "0918/235314", "correlationVector":"JiKll7DkITHfVmaLH2kItd.37","action":"GetUpdates", "result":"DeleteReceived", "context":{"id":"602cb706-20ab-4c3b-9db4-11721addcf93", "isDeleted:":"true", "version":"1682996412304"}}
{"logTime": "0918/235314", "correlationVector":"JiKll7DkITHfVmaLH2kItd.38","action":"GetUpdates", "result":"DeleteReceived", "context":{"id":"239f809d-ecb0-407a-bceb-e1baffc5a2d0", "isDeleted:":"true", "version":"1682996412802"}}
{"logTime": "0918/235314", "correlationVector":"JiKll7DkITHfVmaLH2kItd.39","action":"GetUpdates", "result":"DeleteReceived", "context":{"id":"8eb79e8c-a48b-4d1e-89cc-e2f61e11086c", "isDeleted:":"true", "version":"1682996413741"}}
{"logTime": "0918/235314", "correlationVector":"JiKll7DkITHfVmaLH2kItd.40","action":"GetUpdates", "result":"DeleteReceived", "context":{"id":"5decb3cb-7c85-4438-859e-3e2b13a754ab", "isDeleted:":"true", "version":"1682996414212"}}
{"logTime": "0918/235314", "correlationVector":"JiKll7DkITHfVmaLH2kItd.41","action":"GetUpdates", "result":"DeleteReceived", "context":{"id":"9f4d20c1-677a-4c34-83d0-c3d472a801ab", "isDeleted:":"true", "version":"1682996414697"}}
{"logTime": "0918/235314", "correlationVector":"JiKll7DkITHfVmaLH2kItd.42","action":"GetUpdates", "result":"DeleteReceived", "context":{"id":"29301857-dbd2-400c-9418-54e197177c1f", "isDeleted:":"true", "version":"1682996415219"}}
{"logTime": "0918/235314", "correlationVector":"JiKll7DkITHfVmaLH2kItd.43","action":"GetUpdates", "result":"DeleteReceived", "context":{"id":"fa16d85e-f941-4037-bfe4-6c9bca999a43", "isDeleted:":"true", "version":"1682996416073"}}
{"logTime": "0918/235314", "correlationVector":"JiKll7DkITHfVmaLH2kItd.44","action":"GetUpdates", "result":"DeleteReceived", "context":{"id":"dd589b45-8028-4a4b-808e-de667012d6bf", "isDeleted:":"true", "version":"1682996416577"}}
{"logTime": "0918/235314", "correlationVector":"JiKll7DkITHfVmaLH2kItd.45","action":"GetUpdates", "result":"DeleteReceived", "context":{"id":"1dca81b6-221b-4ffd-a0f5-831c0fc17efa", "isDeleted:":"true", "version":"1682996418159"}}
{"logTime": "0918/235314", "correlationVector":"JiKll7DkITHfVmaLH2kItd.46","action":"GetUpdates", "result":"DeleteReceived", "context":{"id":"41a204a6-7eab-48f5-b422-b49acf648242", "isDeleted:":"true", "version":"1682996421619"}}
{"logTime": "0918/235314", "correlationVector":"JiKll7DkITHfVmaLH2kItd.47","action":"GetUpdates", "result":"DeleteReceived", "context":{"id":"95da55dd-34ad-4e00-91e3-e6cbc22f08b1", "isDeleted:":"true", "version":"1683748281196"}}
{"logTime": "0918/235314", "correlationVector":"JiKll7DkITHfVmaLH2kItd.48","action":"GetUpdates", "result":"DeleteReceived", "context":{"id":"32779161-64fd-4889-a23b-7841ef219b22", "isDeleted:":"true", "version":"1683748283481"}}
{"logTime": "0918/235314", "correlationVector":"JiKll7DkITHfVmaLH2kItd.49","action":"GetUpdates", "result":"DeleteReceived", "context":{"id":"abc37825-192b-4513-ac1c-25fee7673f14", "isDeleted:":"true", "version":"1684445180005"}}
{"logTime": "0918/235314", "correlationVector":"JiKll7DkITHfVmaLH2kItd.50","action":"GetUpdates Response", "result":"SERVER_MORE_TO_DOWNLOAD", "context":Received 250 update(s).  Some updates remain.}
{"logTime": "0918/235314", "correlationVector":"5tuKZcC63gGcIJcgeX5Nor","action":"Initial GetUpdates", "result":"", "context":Reason: NEWLY_SUPPORTED_DATATYPE. cV=5tuKZcC63gGcIJcgeX5Nor}
{"logTime": "0918/235314", "correlationVector":"5tuKZcC63gGcIJcgeX5Nor.1","action":"SyncServerConnectionManagerRequest", "result":"SYNC_SERVER_OK", "context":{"environment":"Prod_SouthCentralUS_000i", "migrationStage":"NotStarted", "server":"GENERAL0100001E"}}
{"logTime": "0918/235314", "correlationVector":"5tuKZcC63gGcIJcgeX5Nor.2","action":"GetUpdates", "result":"DeleteReceived", "context":{"id":"88db4ea4-57c7-44ea-a894-a4a65ee67d4b", "isDeleted:":"true", "version":"1686192384899"}}
{"logTime": "0918/235314", "correlationVector":"5tuKZcC63gGcIJcgeX5Nor.3","action":"GetUpdates", "result":"DeleteReceived", "context":{"id":"4541e168-7526-4158-8991-adb210d6a18a", "isDeleted:":"true", "version":"1687159903325"}}
{"logTime": "0918/235314", "correlationVector":"5tuKZcC63gGcIJcgeX5Nor.4","action":"GetUpdates", "result":"DeleteReceived", "context":{"id":"54196eb5-81e3-431f-92cb-baaf9478964c", "isDeleted:":"true", "version":"1687159903796"}}
{"logTime": "0918/235314", "correlationVector":"5tuKZcC63gGcIJcgeX5Nor.5","action":"GetUpdates", "result":"DeleteReceived", "context":{"id":"58d32aca-9927-49b5-9975-333d6da01d91", "isDeleted:":"true", "version":"1687159906071"}}
{"logTime": "0918/235314", "correlationVector":"5tuKZcC63gGcIJcgeX5Nor.6","action":"GetUpdates", "result":"DeleteReceived", "context":{"id":"21aa5b92-a226-43ea-b707-93761dc9c23d", "isDeleted:":"true", "version":"1687159906533"}}
{"logTime": "0918/235314", "correlationVector":"5tuKZcC63gGcIJcgeX5Nor.7","action":"GetUpdates", "result":"DeleteReceived", "context":{"id":"35051681-cfd4-4f6b-959f-3cdf7e5e828e", "isDeleted:":"true", "version":"1687159907020"}}
{"logTime": "0918/235314", "correlationVector":"5tuKZcC63gGcIJcgeX5Nor.8","action":"GetUpdates", "result":"DeleteReceived", "context":{"id":"d885275a-58d9-4902-8f1b-516ef0e96a3f", "isDeleted:":"true", "version":"1687159907489"}}
{"logTime": "0918/235314", "correlationVector":"5tuKZcC63gGcIJcgeX5Nor.9","action":"GetUpdates", "result":"DeleteReceived", "context":{"id":"4affc1c7-bd97-41ef-a748-fe9c64ba9610", "isDeleted:":"true", "version":"1687159909282"}}
{"logTime": "0918/235314", "correlationVector":"5tuKZcC63gGcIJcgeX5Nor.10","action":"GetUpdates", "result":"DeleteReceived", "context":{"id":"867b621d-574e-4706-8e01-89d3ebe99da6", "isDeleted:":"true", "version":"1687160407696"}}
{"logTime": "0918/235314", "correlationVector":"5tuKZcC63gGcIJcgeX5Nor.11","action":"GetUpdates", "result":"DeleteReceived", "context":{"id":"f655442a-82a6-40ff-a482-65ea2e25f285", "isDeleted:":"true", "version":"1687160428109"}}
{"logTime": "0918/235314", "correlationVector":"5tuKZcC63gGcIJcgeX5Nor.12","action":"GetUpdates", "result":"DeleteReceived", "context":{"id":"c216b748-abb8-4c54-bc7b-978af1f32ad5", "isDeleted:":"true", "version":"1687160429247"}}
{"logTime": "0918/235314", "correlationVector":"5tuKZcC63gGcIJcgeX5Nor.13","action":"GetUpdates", "result":"DeleteReceived", "context":{"id":"7d6e9bd7-47e4-4846-b497-b7a80159f059", "isDeleted:":"true", "version":"1687160432522"}}
{"logTime": "0918/235314", "correlationVector":"5tuKZcC63gGcIJcgeX5Nor.14","action":"GetUpdates", "result":"DeleteReceived", "context":{"id":"245ff666-f176-4bc0-b8df-0a43914c0027", "isDeleted:":"true", "version":"1687160433859"}}
{"logTime": "0918/235314", "correlationVector":"5tuKZcC63gGcIJcgeX5Nor.15","action":"GetUpdates", "result":"DeleteReceived", "context":{"id":"4b9f452d-0b90-44d9-bb6e-bf164c2d1857", "isDeleted:":"true", "version":"1687160434847"}}
{"logTime": "0918/235314", "correlationVector":"5tuKZcC63gGcIJcgeX5Nor.16","action":"GetUpdates", "result":"DeleteReceived", "context":{"id":"43b5ffef-f518-44a8-98d2-cfd6961c7d0e", "isDeleted:":"true", "version":"1687160435306"}}
{"logTime": "0918/235314", "correlationVector":"5tuKZcC63gGcIJcgeX5Nor.17","action":"GetUpdates", "result":"DeleteReceived", "context":{"id":"d92f60a2-d55b-461c-a6c4-0fb9b9ae8a87", "isDeleted:":"true", "version":"1687160436269"}}
{"logTime": "0918/235314", "correlationVector":"5tuKZcC63gGcIJcgeX5Nor.18","action":"GetUpdates", "result":"DeleteReceived", "context":{"id":"e231fa9d-cad6-4c5e-a8cc-7b329172e333", "isDeleted:":"true", "version":"1687160437497"}}
{"logTime": "0918/235314", "correlationVector":"5tuKZcC63gGcIJcgeX5Nor.19","action":"GetUpdates", "result":"DeleteReceived", "context":{"id":"edd8a8e6-14e1-4814-bc6c-5671cd9d66b5", "isDeleted:":"true", "version":"1687160439180"}}
{"logTime": "0918/235314", "correlationVector":"5tuKZcC63gGcIJcgeX5Nor.20","action":"GetUpdates", "result":"DeleteReceived", "context":{"id":"351c0c7e-6879-4f0d-83a8-ddebef79777c", "isDeleted:":"true", "version":"1687160441507"}}
{"logTime": "0918/235314", "correlationVector":"5tuKZcC63gGcIJcgeX5Nor.21","action":"GetUpdates", "result":"DeleteReceived", "context":{"id":"6f16e545-ccc3-4144-91d3-11d26ebe803f", "isDeleted:":"true", "version":"1687160443453"}}
{"logTime": "0918/235314", "correlationVector":"5tuKZcC63gGcIJcgeX5Nor.22","action":"GetUpdates", "result":"DeleteReceived", "context":{"id":"23dde64c-59de-4067-80f5-7849ddf5135d", "isDeleted:":"true", "version":"1687160445746"}}
{"logTime": "0918/235314", "correlationVector":"5tuKZcC63gGcIJcgeX5Nor.23","action":"GetUpdates", "result":"DeleteReceived", "context":{"id":"f73c6c55-505c-4e68-b125-76a832ea65a9", "isDeleted:":"true", "version":"1687160447085"}}
{"logTime": "0918/235314", "correlationVector":"5tuKZcC63gGcIJcgeX5Nor.24","action":"GetUpdates", "result":"DeleteReceived", "context":{"id":"be5d1dc3-6db6-4eb7-952e-fed0b0327b79", "isDeleted:":"true", "version":"1687160448164"}}
{"logTime": "0918/235314", "correlationVector":"5tuKZcC63gGcIJcgeX5Nor.25","action":"GetUpdates", "result":"DeleteReceived", "context":{"id":"0197139b-2ff0-4a6d-8337-a2127e2963f8", "isDeleted:":"true", "version":"1687160449113"}}
{"logTime": "0918/235314", "correlationVector":"5tuKZcC63gGcIJcgeX5Nor.26","action":"GetUpdates", "result":"DeleteReceived", "context":{"id":"f6846e48-6508-4d08-bc64-d6fdbe2a7ada", "isDeleted:":"true", "version":"1687160449114"}}
{"logTime": "0918/235314", "correlationVector":"5tuKZcC63gGcIJcgeX5Nor.27","action":"GetUpdates", "result":"DeleteReceived", "context":{"id":"222f2728-acb0-459e-84e8-78ec57df61c0", "isDeleted:":"true", "version":"1687160450060"}}
{"logTime": "0918/235314", "correlationVector":"5tuKZcC63gGcIJcgeX5Nor.28","action":"GetUpdates", "result":"DeleteReceived", "context":{"id":"feb53c9e-1338-4f04-9606-b00536f1d38e", "isDeleted:":"true", "version":"1687160526493"}}
{"logTime": "0918/235314", "correlationVector":"5tuKZcC63gGcIJcgeX5Nor.29","action":"GetUpdates", "result":"DeleteReceived", "context":{"id":"60b01031-2587-4e75-80c9-bfa0f453e2e6", "isDeleted:":"true", "version":"1687230583256"}}
{"logTime": "0918/235314", "correlationVector":"5tuKZcC63gGcIJcgeX5Nor.30","action":"GetUpdates", "result":"DeleteReceived", "context":{"id":"50746f4c-4259-4e8d-bb9b-0d54a9cb853b", "isDeleted:":"true", "version":"1687230583706"}}
{"logTime": "0918/235314", "correlationVector":"5tuKZcC63gGcIJcgeX5Nor.31","action":"GetUpdates", "result":"DeleteReceived", "context":{"id":"cdd159b6-640b-4ab8-9dbb-f82483df7cd4", "isDeleted:":"true", "version":"1687230585379"}}
{"logTime": "0918/235314", "correlationVector":"5tuKZcC63gGcIJcgeX5Nor.32","action":"GetUpdates", "result":"DeleteReceived", "context":{"id":"b6fb9a4d-0585-4865-9580-3312c826feeb", "isDeleted:":"true", "version":"1687230586049"}}
{"logTime": "0918/235314", "correlationVector":"5tuKZcC63gGcIJcgeX5Nor.33","action":"GetUpdates", "result":"DeleteReceived", "context":{"id":"221fc961-5bdd-4117-8f3b-f1ff39b193b3", "isDeleted:":"true", "version":"1687230586499"}}
{"logTime": "0918/235314", "correlationVector":"5tuKZcC63gGcIJcgeX5Nor.34","action":"GetUpdates", "result":"DeleteReceived", "context":{"id":"46953be9-24c2-4a73-9015-74e0d6cdfe0d", "isDeleted:":"true", "version":"1687230586961"}}
{"logTime": "0918/235314", "correlationVector":"5tuKZcC63gGcIJcgeX5Nor.35","action":"GetUpdates Response", "result":"SERVER_MORE_TO_DOWNLOAD", "context":Received 250 update(s).  Some updates remain.}
{"logTime": "0918/235314", "correlationVector":"wlKNN11TNbXM+sUxpc9P4u","action":"Initial GetUpdates", "result":"", "context":Reason: NEWLY_SUPPORTED_DATATYPE. cV=wlKNN11TNbXM+sUxpc9P4u}
{"logTime": "0918/235314", "correlationVector":"wlKNN11TNbXM+sUxpc9P4u.1","action":"SyncServerConnectionManagerRequest", "result":"SYNC_SERVER_OK", "context":{"environment":"Prod_SouthCentralUS_000i", "migrationStage":"NotStarted", "server":"GENERAL01000007"}}
{"logTime": "0918/235314", "correlationVector":"wlKNN11TNbXM+sUxpc9P4u.2","action":"GetUpdates", "result":"DeleteReceived", "context":{"id":"e64414df-2357-4247-81f5-41669d58e9e9", "isDeleted:":"true", "version":"1687230587426"}}
{"logTime": "0918/235314", "correlationVector":"wlKNN11TNbXM+sUxpc9P4u.3","action":"GetUpdates", "result":"DeleteReceived", "context":{"id":"bba990e1-1264-44f1-99d1-ab12d8020ab7", "isDeleted:":"true", "version":"1687230590814"}}
{"logTime": "0918/235314", "correlationVector":"wlKNN11TNbXM+sUxpc9P4u.4","action":"GetUpdates", "result":"DeleteReceived", "context":{"id":"d2fb2fdc-9eec-404d-9423-d1f845249531", "isDeleted:":"true", "version":"1687230591295"}}
{"logTime": "0918/235314", "correlationVector":"wlKNN11TNbXM+sUxpc9P4u.5","action":"GetUpdates", "result":"DeleteReceived", "context":{"id":"ffdc763b-e5d9-4cb8-abaa-ccdca3b0a0c6", "isDeleted:":"true", "version":"1687230591753"}}
{"logTime": "0918/235314", "correlationVector":"wlKNN11TNbXM+sUxpc9P4u.6","action":"GetUpdates", "result":"DeleteReceived", "context":{"id":"6bceabc1-2f8b-488e-a238-f3ce284d4e1f", "isDeleted:":"true", "version":"1687230592189"}}
{"logTime": "0918/235314", "correlationVector":"wlKNN11TNbXM+sUxpc9P4u.7","action":"GetUpdates", "result":"DeleteReceived", "context":{"id":"4b162868-55d2-4ebc-8c64-fc1f5f114876", "isDeleted:":"true", "version":"1687230592630"}}
{"logTime": "0918/235314", "correlationVector":"wlKNN11TNbXM+sUxpc9P4u.8","action":"GetUpdates", "result":"DeleteReceived", "context":{"id":"bfae7126-b65e-435d-9670-ed3cd466118b", "isDeleted:":"true", "version":"1687230594145"}}
{"logTime": "0918/235314", "correlationVector":"wlKNN11TNbXM+sUxpc9P4u.9","action":"GetUpdates", "result":"DeleteReceived", "context":{"id":"ed2f2a3e-0c4a-484d-8505-acc16af03aa0", "isDeleted:":"true", "version":"1687230594581"}}
{"logTime": "0918/235314", "correlationVector":"wlKNN11TNbXM+sUxpc9P4u.10","action":"GetUpdates", "result":"DeleteReceived", "context":{"id":"6910ccdf-1c5f-419f-a701-0f38e2ee4bc3", "isDeleted:":"true", "version":"1692844950022"}}
{"logTime": "0918/235314", "correlationVector":"wlKNN11TNbXM+sUxpc9P4u.11","action":"GetUpdates", "result":"DeleteReceived", "context":{"id":"31255b19-6f26-4b35-ac3f-772e9b41c786", "isDeleted:":"true", "version":"1692844950455"}}
{"logTime": "0918/235314", "correlationVector":"wlKNN11TNbXM+sUxpc9P4u.12","action":"GetUpdates", "result":"DeleteReceived", "context":{"id":"63e9a756-e7e7-4055-a182-6b6a5ae8a31c", "isDeleted:":"true", "version":"1692844951398"}}
{"logTime": "0918/235314", "correlationVector":"wlKNN11TNbXM+sUxpc9P4u.13","action":"GetUpdates", "result":"DeleteReceived", "context":{"id":"983c28d9-fec4-4350-a922-b24a87fbf06b", "isDeleted:":"true", "version":"1692908120542"}}
{"logTime": "0918/235314", "correlationVector":"wlKNN11TNbXM+sUxpc9P4u.14","action":"GetUpdates", "result":"DeleteReceived", "context":{"id":"9d3c79d7-501d-4bb6-b711-1ca8602bb524", "isDeleted:":"true", "version":"1694907198578"}}
{"logTime": "0918/235314", "correlationVector":"wlKNN11TNbXM+sUxpc9P4u.15","action":"GetUpdates Response", "result":"SYNCER_OK", "context":Received 103 update(s). cV=wlKNN11TNbXM+sUxpc9P4u.0;server=GENERAL01000007;cloudType=Consumer;environment=Prod_SouthCentralUS_000i;migrationStage=NotStarted}
{"logTime": "0918/235314", "correlationVector":"qgOEwiE45xsk+Fet/MEU6u","action":"Normal GetUpdate request", "result":"", "context":cV=qgOEwiE45xsk+Fet/MEU6u
Nudged types: Sessions, User Consents
Refresh requested types: Bookmarks, Preferences, Passwords, Autofill Profiles, Autofill, Autofill Custom Data, Typed URLs, Extensions, Sessions, Extension settings, History Delete Directives, Device Info, User Consents, Send Tab To Self, Web Apps, Collection, Edge E Drop, Edge Hub App Usage, Encryption Keys}
{"logTime": "0918/235314", "correlationVector":"qgOEwiE45xsk+Fet/MEU6u.1","action":"SyncServerConnectionManagerRequest", "result":"SYNC_SERVER_OK", "context":{"environment":"Prod_SouthCentralUS_000i", "migrationStage":"NotStarted", "server":"GENERAL01000001"}}
{"logTime": "0918/235314", "correlationVector":"qgOEwiE45xsk+Fet/MEU6u.2","action":"GetUpdates Response", "result":"SYNCER_OK", "context":Received 1 update(s). cV=qgOEwiE45xsk+Fet/MEU6u.0;server=GENERAL01000001;cloudType=Consumer;environment=Prod_SouthCentralUS_000i;migrationStage=NotStarted}
{"logTime": "0918/235314", "correlationVector":"rjfB/geKV0Jf8AofIZZqHW","action":"Commit Request", "result":"", "context":Item count: 4
Contributing types: Sessions, User Consents}
{"logTime": "0918/235314", "correlationVector":"rjfB/geKV0Jf8AofIZZqHW.1","action":"SyncServerConnectionManagerRequest", "result":"SYNC_SERVER_OK", "context":{"environment":"Prod_SouthCentralUS_000i", "migrationStage":"NotStarted", "server":"GENERAL0100001I"}}
{"logTime": "0918/235314", "correlationVector":"rjfB/geKV0Jf8AofIZZqHW.3","action":"Commit.Sessions", "result":"Success", "context":{"id":"8af00843-7397-49cb-a0b6-f374dee88300", "isDeleted":"true", "size":"0", "version":"1695080911015"}}
{"logTime": "0918/235314", "correlationVector":"rjfB/geKV0Jf8AofIZZqHW.2","action":"Commit Response", "result":"SYNCER_OK", "context":Result: SYNCER_OK. cV=rjfB/geKV0Jf8AofIZZqHW.0;server=GENERAL0100001I;cloudType=Consumer;environment=Prod_SouthCentralUS_000i;migrationStage=NotStarted}
{"logTime": "0918/235335", "correlationVector":"FB0MDgz9i8AKfRby+Hursg","action":"Normal GetUpdate request", "result":"", "context":cV=FB0MDgz9i8AKfRby+Hursg
Nudged types: Sessions}
{"logTime": "0918/235335", "correlationVector":"FB0MDgz9i8AKfRby+Hursg.1","action":"SyncServerConnectionManagerRequest", "result":"SYNC_SERVER_OK", "context":{"environment":"Prod_SouthCentralUS_000i", "migrationStage":"NotStarted", "server":"GENERAL0100000H"}}
{"logTime": "0918/235335", "correlationVector":"FB0MDgz9i8AKfRby+Hursg.2","action":"GetUpdates", "result":"DeleteReceived", "context":{"id":"8af00843-7397-49cb-a0b6-f374dee88300", "isDeleted:":"true", "version":"1695081181526"}}
{"logTime": "0918/235335", "correlationVector":"FB0MDgz9i8AKfRby+Hursg.3","action":"GetUpdates Response", "result":"SYNCER_OK", "context":Received 3 update(s). cV=FB0MDgz9i8AKfRby+Hursg.0;server=GENERAL0100000H;cloudType=Consumer;environment=Prod_SouthCentralUS_000i;migrationStage=NotStarted}
{"logTime": "0918/235335", "correlationVector":"0X08DryItnyohDzx2lGFd5","action":"Commit Request", "result":"", "context":Item count: 1
Contributing types: Sessions}
{"logTime": "0918/235335", "correlationVector":"0X08DryItnyohDzx2lGFd5.1","action":"SyncServerConnectionManagerRequest", "result":"SYNC_SERVER_OK", "context":{"environment":"Prod_SouthCentralUS_000i", "migrationStage":"NotStarted", "server":"GENERAL01000003"}}
{"logTime": "0918/235335", "correlationVector":"0X08DryItnyohDzx2lGFd5.2","action":"Commit Response", "result":"SYNCER_OK", "context":Result: SYNCER_OK. cV=0X08DryItnyohDzx2lGFd5.0;server=GENERAL01000003;cloudType=Consumer;environment=Prod_SouthCentralUS_000i;migrationStage=NotStarted}
{"logTime": "0918/235739", "correlationVector":"1Q1Xat0nfxmoYd3Kyregqs","action":"Commit Request", "result":"", "context":Item count: 2
Contributing types: Autofill, Sessions}
{"logTime": "0918/235739", "correlationVector":"1Q1Xat0nfxmoYd3Kyregqs.1","action":"SyncServerConnectionManagerRequest", "result":"SYNC_SERVER_OK", "context":{"environment":"Prod_SouthCentralUS_000i", "migrationStage":"NotStarted", "server":"GENERAL0100000F"}}
{"logTime": "0918/235739", "correlationVector":"1Q1Xat0nfxmoYd3Kyregqs.2","action":"Commit Response", "result":"SYNCER_OK", "context":Result: SYNCER_OK. cV=1Q1Xat0nfxmoYd3Kyregqs.0;server=GENERAL0100000F;cloudType=Consumer;environment=Prod_SouthCentralUS_000i;migrationStage=NotStarted}
